{"meta": {"format": 3, "version": "7.13.5", "timestamp": "2026-03-18T17:18:16.021229", "branch_coverage": false, "show_contexts": false}, "files": {"engine\\__init__.py": {"executed_lines": [], "summary": {"covered_lines": 0, "num_statements": 0, "percent_covered": 100.0, "percent_covered_display": "100", "missing_lines": 0, "excluded_lines": 0, "percent_statements_covered": 100.0, "percent_statements_covered_display": "100"}, "missing_lines": [], "excluded_lines": [], "functions": {"": {"executed_lines": [], "summary": {"covered_lines": 0, "num_statements": 0, "percent_covered": 100.0, "percent_covered_display": "100", "missing_lines": 0, "excluded_lines": 0, "percent_statements_covered": 100.0, "percent_statements_covered_display": "100"}, "missing_lines": [], "excluded_lines": [], "start_line": 1}}, "classes": {"": {"executed_lines": [], "summary": {"covered_lines": 0, "num_statements": 0, "percent_covered": 100.0, "percent_covered_display": "100", "missing_lines": 0, "excluded_lines": 0, "percent_statements_covered": 100.0, "percent_statements_covered_display": "100"}, "missing_lines": [], "excluded_lines": [], "start_line": 1}}}, "engine\\core\\__init__.py": {"executed_lines": [], "summary": {"covered_lines": 0, "num_statements": 0, "percent_covered": 100.0, "percent_covered_display": "100", "missing_lines": 0, "excluded_lines": 0, "percent_statements_covered": 100.0, "percent_statements_covered_display": "100"}, "missing_lines": [], "excluded_lines": [], "functions": {"": {"executed_lines": [], "summary": {"covered_lines": 0, "num_statements": 0, "percent_covered": 100.0, "percent_covered_display": "100", "missing_lines": 0, "excluded_lines": 0, "percent_statements_covered": 100.0, "percent_statements_covered_display": "100"}, "missing_lines": [], "excluded_lines": [], "start_line": 1}}, "classes": {"": {"executed_lines": [], "summary": {"covered_lines": 0, "num_statements": 0, "percent_covered": 100.0, "percent_covered_display": "100", "missing_lines": 0, "excluded_lines": 0, "percent_statements_covered": 100.0, "percent_statements_covered_display": "100"}, "missing_lines": [], "excluded_lines": [], "start_line": 1}}}, "engine\\core\\cube.py": {"executed_lines": [15, 16, 17, 18, 19, 20, 21, 22, 23, 24, 26, 27, 28, 38, 51, 62, 109, 112, 113, 115, 116, 117, 118, 120, 121, 122, 125, 127, 128, 129, 131, 134, 136, 137, 138, 152, 154, 155, 157, 158, 159, 160, 161, 164, 167, 181, 182, 183, 185, 187, 189, 191, 192, 195, 196, 199, 200, 203, 204, 208, 209, 210, 211, 216, 217, 221, 222, 228, 233, 234, 240, 241, 242, 243, 244, 245, 246, 247, 248, 249, 250, 252, 254, 256, 257, 259, 261, 263, 265, 266, 268, 273, 283, 285, 287, 289, 291, 293, 294, 295, 296, 298, 299, 300, 301, 302, 303, 304, 306, 307, 308, 311, 313, 314, 319, 320, 321, 324, 329, 330, 331, 333, 334, 335, 336, 338, 339, 341, 343, 344, 346, 347, 348, 351, 354, 355, 357, 358, 359, 360, 364, 365, 367, 368, 369, 371, 374, 382, 383, 384, 386, 387, 389, 399, 402, 405, 406, 407, 408, 410, 411, 414, 415, 416, 418, 419, 421, 422, 424, 425, 426, 429, 430, 432, 433, 443, 445, 446, 448, 451, 477, 517, 520, 521, 522, 523, 524, 525, 526, 527, 528, 530, 531, 532, 533, 536, 537, 539, 542, 547, 549, 557, 558, 560, 562, 569, 570, 572, 574, 579, 580, 581, 587, 589, 595, 599, 601, 606, 610, 612, 618, 622, 624, 625, 628, 630, 632, 633, 635, 636, 637, 641, 644, 649, 650, 652, 654, 662, 665, 666, 671, 672, 674, 676, 681, 684, 686, 690, 691, 693, 695, 699, 700, 705, 706, 708, 709, 710, 711, 714, 717, 718, 719, 720, 721, 724, 725, 726, 728, 729, 731, 732, 733, 735, 736, 737, 738, 740, 741, 743, 744, 745, 746, 748, 749, 750, 751, 752, 753, 754, 755, 756, 757, 760, 764, 766, 767, 770, 773, 775, 776, 777, 778, 780, 781, 783, 784, 785, 786, 787, 808, 811, 818, 819, 821, 822, 823, 825, 826, 828, 833, 836, 846, 847, 850, 851, 852, 853, 854, 857, 858, 861, 862, 863, 864, 866, 868, 869, 872, 873, 874, 875, 882, 883, 884, 886, 887, 890, 891, 893, 896, 904, 906, 907, 908, 910, 911, 912, 917, 920, 927, 928, 933, 934, 938, 939, 943, 944, 945, 949, 950, 952, 954, 962, 969, 970, 971, 972, 974, 975, 976, 978, 979, 980, 983, 985, 986, 987, 988, 990, 991, 993, 994, 996, 998, 1006, 1019, 1031, 1043, 1050, 1052, 1053, 1054, 1056, 1057, 1058, 1060, 1061, 1062, 1063, 1064, 1065, 1066, 1069, 1071, 1073, 1074, 1080, 1082, 1094, 1095, 1101, 1106, 1108, 1109, 1110, 1112, 1113, 1114, 1116, 1117, 1118, 1119, 1127, 1138, 1149, 1150, 1155, 1165, 1172, 1173, 1175, 1178, 1179, 1182, 1189, 1191, 1200, 1204, 1205, 1206, 1208, 1211, 1212, 1213, 1215, 1216, 1219, 1223, 1229, 1230, 1231, 1232, 1234, 1236, 1241, 1244, 1245, 1246, 1247, 1249, 1250, 1251, 1253, 1254, 1255, 1257, 1259, 1262, 1263, 1264, 1265, 1267, 1268, 1270, 1272, 1273, 1275, 1277, 1278, 1283, 1284, 1286, 1287, 1288, 1289, 1290, 1291, 1292, 1293, 1296, 1307, 1308, 1313, 1314, 1317, 1320, 1325, 1327, 1341, 1347, 1352, 1363, 1364, 1369, 1378, 1380, 1381, 1382, 1383, 1385, 1386, 1388, 1389, 1390, 1392, 1393, 1396, 1409, 1411, 1413, 1414, 1415, 1416, 1417, 1418, 1421, 1422, 1425, 1429, 1432, 1433, 1434, 1435, 1436, 1438, 1443, 1449, 1450, 1451, 1453, 1454, 1455, 1456, 1458, 1460, 1465, 1468, 1470, 1471, 1472, 1473, 1478, 1484, 1485, 1486, 1488, 1489, 1491, 1492, 1493, 1494, 1495, 1497, 1502, 1508, 1509, 1511, 1512, 1514, 1515, 1518, 1519, 1520, 1523, 1524, 1525, 1527, 1530, 1532, 1533, 1534, 1535, 1537, 1538, 1543, 1544, 1546, 1547, 1548, 1549, 1550, 1551, 1554, 1563, 1565, 1566, 1567, 1569, 1570, 1571, 1573, 1574, 1575, 1576, 1578, 1579, 1580, 1581, 1583, 1585, 1603, 1615, 1616, 1617, 1619, 1621, 1622, 1624, 1625, 1626, 1629, 1630, 1631, 1632, 1634, 1644, 1646, 1651, 1658, 1659, 1660, 1663, 1671, 1673, 1674, 1675, 1676, 1680, 1681, 1682, 1684, 1685, 1687, 1688, 1690, 1691, 1692, 1694, 1699, 1711, 1712, 1714, 1715, 1716, 1719, 1720, 1721, 1725, 1726, 1728, 1736, 1739, 1746, 1749, 1751, 1752, 1753, 1754, 1755, 1756, 1757, 1758, 1759, 1760, 1761, 1762, 1763, 1764, 1769, 1780, 1781, 1782, 1783, 1785, 1788, 1790, 1796, 1802, 1804, 1805, 1806, 1808, 1809, 1815, 1819, 1820, 1821, 1822, 1823, 1824, 1825, 1826, 1827, 1828, 1829, 1830, 1831, 1832, 1833, 1834, 1836, 1848, 1854, 1856, 1857, 1863, 1866, 1867, 1868, 1869, 1870, 1871, 1872, 1880, 1883, 1891, 1893, 1894, 1895, 1896, 1897, 1899, 1901, 1902, 1903, 1909, 1916, 1917, 1918, 1926, 1928, 1930, 1932, 1934, 1936, 1937, 1942, 1943, 1949, 1950, 1951, 1952, 1953, 1954, 1955, 1956, 1958, 1959, 1961, 1962, 1963, 1964, 1965, 1966, 1967, 1980, 1982, 1983, 1984, 1990, 2000, 2001, 2003, 2005, 2013, 2016, 2019, 2022, 2024, 2026, 2027, 2028, 2038, 2044, 2045, 2047, 2049, 2052, 2053, 2054, 2055, 2058, 2059, 2063, 2065, 2072, 2075, 2080, 2081, 2083, 2084, 2085, 2086, 2088, 2089, 2090, 2095, 2098, 2101, 2103, 2104, 2113, 2116, 2120, 2121, 2122, 2124, 2125, 2126, 2127, 2130, 2131, 2132, 2134, 2147, 2150, 2154, 2155, 2156, 2158, 2159, 2160, 2161, 2163, 2172, 2177, 2179, 2181, 2182, 2183, 2185, 2186, 2187, 2188, 2189, 2190, 2191, 2192, 2194, 2197, 2204, 2205, 2206, 2218, 2219, 2220, 2222, 2223, 2225, 2226, 2227, 2229, 2230, 2231, 2232, 2233, 2237, 2239, 2240, 2241, 2243, 2246, 2248, 2250, 2251, 2254, 2255, 2256, 2257, 2259, 2260, 2261, 2262, 2264, 2265, 2266, 2267, 2268, 2272, 2273, 2274, 2276, 2281, 2286, 2287, 2288, 2293, 2294, 2295, 2297, 2298, 2299, 2301, 2302, 2304, 2305, 2306, 2308, 2309, 2310, 2311, 2312, 2316, 2327, 2333, 2334, 2336, 2337, 2338, 2339, 2341, 2342, 2343, 2345, 2346, 2347, 2348, 2349, 2350, 2351, 2352, 2354, 2355, 2356, 2358, 2359, 2360, 2362, 2363, 2364, 2366, 2367, 2368, 2369, 2370, 2371, 2372, 2374, 2379, 2386, 2387, 2389, 2390, 2391, 2392, 2396, 2401, 2409, 2410, 2411, 2413, 2415, 2416, 2417, 2418, 2419, 2420, 2421, 2422, 2424, 2427, 2428, 2429, 2431, 2436, 2441, 2446, 2447, 2448, 2449, 2453, 2454, 2455, 2456, 2457, 2458, 2461, 2462, 2463, 2464, 2466, 2471, 2480, 2481, 2486, 2487, 2493, 2496, 2497, 2498, 2499, 2500, 2501, 2502, 2510, 2511, 2514, 2516, 2517, 2518, 2519, 2520, 2521, 2522, 2523, 2525, 2526, 2527, 2528, 2529, 2530, 2531, 2535, 2536, 2537, 2544, 2560, 2562, 2563, 2565, 2567, 2568, 2569, 2570, 2573, 2574, 2575, 2576, 2577, 2579, 2580, 2581, 2583, 2584, 2592, 2603, 2605, 2608, 2613, 2619, 2620, 2621, 2630, 2631, 2632, 2633, 2634, 2635, 2636, 2639, 2646, 2647, 2649, 2650, 2652, 2653, 2654, 2655, 2656, 2657, 2659, 2660, 2661, 2662, 2666, 2669, 2670, 2671, 2673, 2674, 2675, 2680, 2684, 2685, 2686, 2688, 2696, 2697, 2705, 2711, 2712, 2714, 2715, 2716, 2717, 2718, 2720, 2721, 2722, 2723, 2725, 2726, 2727, 2736, 2743], "summary": {"covered_lines": 1116, "num_statements": 1314, "percent_covered": 84.93150684931507, "percent_covered_display": "85", "missing_lines": 198, "excluded_lines": 8, "percent_statements_covered": 84.93150684931507, "percent_statements_covered_display": "85"}, "missing_lines": [29, 30, 31, 32, 33, 130, 140, 141, 142, 143, 144, 145, 146, 147, 148, 149, 162, 163, 205, 212, 213, 218, 219, 284, 286, 288, 349, 352, 361, 427, 459, 460, 461, 465, 466, 467, 468, 469, 472, 534, 535, 540, 543, 789, 790, 791, 793, 794, 795, 796, 797, 799, 800, 801, 802, 803, 804, 805, 806, 877, 878, 879, 957, 992, 1004, 1010, 1011, 1012, 1013, 1015, 1016, 1017, 1020, 1021, 1022, 1023, 1024, 1025, 1026, 1027, 1028, 1029, 1034, 1035, 1037, 1038, 1067, 1068, 1084, 1085, 1086, 1090, 1091, 1092, 1120, 1121, 1122, 1123, 1124, 1125, 1129, 1130, 1136, 1139, 1140, 1141, 1145, 1146, 1147, 1220, 1430, 1627, 1677, 1717, 1722, 1740, 1741, 1742, 1743, 1744, 1816, 1844, 1845, 1864, 1874, 1875, 1910, 1911, 1912, 1913, 1919, 1920, 1921, 1922, 1923, 1924, 1925, 1977, 1978, 1985, 1986, 1987, 1988, 1989, 2006, 2007, 2008, 2009, 2010, 2014, 2015, 2017, 2018, 2020, 2207, 2208, 2209, 2210, 2211, 2212, 2213, 2214, 2215, 2216, 2234, 2235, 2252, 2270, 2289, 2290, 2314, 2394, 2425, 2532, 2533, 2534, 2538, 2539, 2585, 2586, 2589, 2590, 2604, 2606, 2658, 2663, 2664, 2667, 2681, 2682, 2719, 2733, 2734, 2737, 2738, 2739, 2740, 2741], "excluded_lines": [931, 932, 936, 937, 941, 942, 947, 948], "functions": {"ScannedFile.__post_init__": {"executed_lines": [121, 122], "summary": {"covered_lines": 2, "num_statements": 2, "percent_covered": 100.0, "percent_covered_display": "100", "missing_lines": 0, "excluded_lines": 0, "percent_statements_covered": 100.0, "percent_statements_covered_display": "100"}, "missing_lines": [], "excluded_lines": [], "start_line": 120}, "_should_skip_dir": {"executed_lines": [127, 128, 129, 131], "summary": {"covered_lines": 4, "num_statements": 5, "percent_covered": 80.0, "percent_covered_display": "80", "missing_lines": 1, "excluded_lines": 0, "percent_statements_covered": 80.0, "percent_statements_covered_display": "80"}, "missing_lines": [130], "excluded_lines": [], "start_line": 125}, "_detect_language": {"executed_lines": [136, 137, 138], "summary": {"covered_lines": 3, "num_statements": 13, "percent_covered": 23.076923076923077, "percent_covered_display": "23", "missing_lines": 10, "excluded_lines": 0, "percent_statements_covered": 23.076923076923077, "percent_statements_covered_display": "23"}, "missing_lines": [140, 141, 142, 143, 144, 145, 146, 147, 148, 149], "excluded_lines": [], "start_line": 134}, "_is_binary": {"executed_lines": [154, 155, 157, 158, 159, 160, 161, 164], "summary": {"covered_lines": 8, "num_statements": 10, "percent_covered": 80.0, "percent_covered_display": "80", "missing_lines": 2, "excluded_lines": 0, "percent_statements_covered": 80.0, "percent_statements_covered_display": "80"}, "missing_lines": [162, 163], "excluded_lines": [], "start_line": 152}, "scan_repo": {"executed_lines": [181, 182, 183, 185, 187, 189, 191, 192, 195, 196, 199, 200, 203, 204, 208, 209, 210, 211, 216, 217, 221, 222, 228], "summary": {"covered_lines": 23, "num_statements": 28, "percent_covered": 82.14285714285714, "percent_covered_display": "82", "missing_lines": 5, "excluded_lines": 0, "percent_statements_covered": 82.14285714285714, "percent_statements_covered_display": "82"}, "missing_lines": [205, 212, 213, 218, 219], "excluded_lines": [], "start_line": 167}, "Cube.to_dict": {"executed_lines": [254], "summary": {"covered_lines": 1, "num_statements": 1, "percent_covered": 100.0, "percent_covered_display": "100", "missing_lines": 0, "excluded_lines": 0, "percent_statements_covered": 100.0, "percent_statements_covered_display": "100"}, "missing_lines": [], "excluded_lines": [], "start_line": 252}, "Cube.from_dict": {"executed_lines": [259], "summary": {"covered_lines": 1, "num_statements": 1, "percent_covered": 100.0, "percent_covered_display": "100", "missing_lines": 0, "excluded_lines": 0, "percent_statements_covered": 100.0, "percent_statements_covered_display": "100"}, "missing_lines": [], "excluded_lines": [], "start_line": 257}, "Cube.to_json": {"executed_lines": [263], "summary": {"covered_lines": 1, "num_statements": 1, "percent_covered": 100.0, "percent_covered_display": "100", "missing_lines": 0, "excluded_lines": 0, "percent_statements_covered": 100.0, "percent_statements_covered_display": "100"}, "missing_lines": [], "excluded_lines": [], "start_line": 261}, "Cube.from_json": {"executed_lines": [268], "summary": {"covered_lines": 1, "num_statements": 1, "percent_covered": 100.0, "percent_covered_display": "100", "missing_lines": 0, "excluded_lines": 0, "percent_statements_covered": 100.0, "percent_statements_covered_display": "100"}, "missing_lines": [], "excluded_lines": [], "start_line": 266}, "normalize_content": {"executed_lines": [283, 285, 287, 289, 291, 293, 294, 295, 296, 298, 299, 300, 301, 302, 303, 304, 306, 307, 308], "summary": {"covered_lines": 19, "num_statements": 22, "percent_covered": 86.36363636363636, "percent_covered_display": "86", "missing_lines": 3, "excluded_lines": 0, "percent_statements_covered": 86.36363636363636, "percent_statements_covered_display": "86"}, "missing_lines": [284, 286, 288], "excluded_lines": [], "start_line": 273}, "sha256_hash": {"executed_lines": [313, 314], "summary": {"covered_lines": 2, "num_statements": 2, "percent_covered": 100.0, "percent_covered_display": "100", "missing_lines": 0, "excluded_lines": 0, "percent_statements_covered": 100.0, "percent_statements_covered_display": "100"}, "missing_lines": [], "excluded_lines": [], "start_line": 311}, "_find_split_point": {"executed_lines": [329, 330, 331, 333, 334, 335, 336, 338, 339, 341, 343, 344, 346, 347, 348, 351, 354, 355, 357, 358, 359, 360, 364, 365, 367, 368, 369, 371], "summary": {"covered_lines": 28, "num_statements": 31, "percent_covered": 90.3225806451613, "percent_covered_display": "90", "missing_lines": 3, "excluded_lines": 0, "percent_statements_covered": 90.3225806451613, "percent_statements_covered_display": "90"}, "missing_lines": [349, 352, 361], "excluded_lines": [], "start_line": 324}, "subdivide_file": {"executed_lines": [382, 383, 384, 386, 387, 389, 399, 402, 405, 406, 407, 408, 410, 411, 414, 415, 416, 418, 419, 421, 422, 424, 425, 426, 429, 430, 432, 433, 443, 445, 446, 448], "summary": {"covered_lines": 32, "num_statements": 33, "percent_covered": 96.96969696969697, "percent_covered_display": "97", "missing_lines": 1, "excluded_lines": 0, "percent_statements_covered": 96.96969696969697, "percent_statements_covered_display": "97"}, "missing_lines": [427], "excluded_lines": [], "start_line": 374}, "subdivide_recursive": {"executed_lines": [], "summary": {"covered_lines": 0, "num_statements": 9, "percent_covered": 0.0, "percent_covered_display": "0", "missing_lines": 9, "excluded_lines": 0, "percent_statements_covered": 0.0, "percent_statements_covered_display": "0"}, "missing_lines": [459, 460, 461, 465, 466, 467, 468, 469, 472], "excluded_lines": [], "start_line": 451}, "CubeStore.__init__": {"executed_lines": [521, 522, 523, 524, 525, 526, 527, 528], "summary": {"covered_lines": 8, "num_statements": 8, "percent_covered": 100.0, "percent_covered_display": "100", "missing_lines": 0, "excluded_lines": 0, "percent_statements_covered": 100.0, "percent_statements_covered_display": "100"}, "missing_lines": [], "excluded_lines": [], "start_line": 520}, "CubeStore.close": {"executed_lines": [531, 532, 533, 536, 537], "summary": {"covered_lines": 5, "num_statements": 7, "percent_covered": 71.42857142857143, "percent_covered_display": "71", "missing_lines": 2, "excluded_lines": 0, "percent_statements_covered": 71.42857142857143, "percent_statements_covered_display": "71"}, "missing_lines": [534, 535], "excluded_lines": [], "start_line": 530}, "CubeStore.__enter__": {"executed_lines": [], "summary": {"covered_lines": 0, "num_statements": 1, "percent_covered": 0.0, "percent_covered_display": "0", "missing_lines": 1, "excluded_lines": 0, "percent_statements_covered": 0.0, "percent_statements_covered_display": "0"}, "missing_lines": [540], "excluded_lines": [], "start_line": 539}, "CubeStore.__exit__": {"executed_lines": [], "summary": {"covered_lines": 0, "num_statements": 1, "percent_covered": 0.0, "percent_covered_display": "0", "missing_lines": 1, "excluded_lines": 0, "percent_statements_covered": 0.0, "percent_statements_covered_display": "0"}, "missing_lines": [543], "excluded_lines": [], "start_line": 542}, "CubeStore.save_cube": {"executed_lines": [549, 557, 558], "summary": {"covered_lines": 3, "num_statements": 3, "percent_covered": 100.0, "percent_covered_display": "100", "missing_lines": 0, "excluded_lines": 0, "percent_statements_covered": 100.0, "percent_statements_covered_display": "100"}, "missing_lines": [], "excluded_lines": [], "start_line": 547}, "CubeStore.save_cubes": {"executed_lines": [562, 569, 570], "summary": {"covered_lines": 3, "num_statements": 3, "percent_covered": 100.0, "percent_covered_display": "100", "missing_lines": 0, "excluded_lines": 0, "percent_statements_covered": 100.0, "percent_statements_covered_display": "100"}, "missing_lines": [], "excluded_lines": [], "start_line": 560}, "CubeStore.get_cube": {"executed_lines": [574, 579, 580, 581], "summary": {"covered_lines": 4, "num_statements": 4, "percent_covered": 100.0, "percent_covered_display": "100", "missing_lines": 0, "excluded_lines": 0, "percent_statements_covered": 100.0, "percent_statements_covered_display": "100"}, "missing_lines": [], "excluded_lines": [], "start_line": 572}, "CubeStore.get_cubes_by_file": {"executed_lines": [589, 595], "summary": {"covered_lines": 2, "num_statements": 2, "percent_covered": 100.0, "percent_covered_display": "100", "missing_lines": 0, "excluded_lines": 0, "percent_statements_covered": 100.0, "percent_statements_covered_display": "100"}, "missing_lines": [], "excluded_lines": [], "start_line": 587}, "CubeStore.get_cubes_by_level": {"executed_lines": [601, 606], "summary": {"covered_lines": 2, "num_statements": 2, "percent_covered": 100.0, "percent_covered_display": "100", "missing_lines": 0, "excluded_lines": 0, "percent_statements_covered": 100.0, "percent_statements_covered_display": "100"}, "missing_lines": [], "excluded_lines": [], "start_line": 599}, "CubeStore.get_hot_cubes": {"executed_lines": [612, 618], "summary": {"covered_lines": 2, "num_statements": 2, "percent_covered": 100.0, "percent_covered_display": "100", "missing_lines": 0, "excluded_lines": 0, "percent_statements_covered": 100.0, "percent_statements_covered_display": "100"}, "missing_lines": [], "excluded_lines": [], "start_line": 610}, "CubeStore.count_cubes": {"executed_lines": [624, 625, 628], "summary": {"covered_lines": 3, "num_statements": 3, "percent_covered": 100.0, "percent_covered_display": "100", "missing_lines": 0, "excluded_lines": 0, "percent_statements_covered": 100.0, "percent_statements_covered_display": "100"}, "missing_lines": [], "excluded_lines": [], "start_line": 622}, "CubeStore.delete_cube": {"executed_lines": [632, 633, 635, 636, 637], "summary": {"covered_lines": 5, "num_statements": 5, "percent_covered": 100.0, "percent_covered_display": "100", "missing_lines": 0, "excluded_lines": 0, "percent_statements_covered": 100.0, "percent_statements_covered_display": "100"}, "missing_lines": [], "excluded_lines": [], "start_line": 630}, "CubeStore.set_neighbor": {"executed_lines": [644, 649, 650], "summary": {"covered_lines": 3, "num_statements": 3, "percent_covered": 100.0, "percent_covered_display": "100", "missing_lines": 0, "excluded_lines": 0, "percent_statements_covered": 100.0, "percent_statements_covered_display": "100"}, "missing_lines": [], "excluded_lines": [], "start_line": 641}, "CubeStore.get_neighbors": {"executed_lines": [654], "summary": {"covered_lines": 1, "num_statements": 1, "percent_covered": 100.0, "percent_covered_display": "100", "missing_lines": 0, "excluded_lines": 0, "percent_statements_covered": 100.0, "percent_statements_covered_display": "100"}, "missing_lines": [], "excluded_lines": [], "start_line": 652}, "CubeStore.record_cycle": {"executed_lines": [665, 666, 671, 672], "summary": {"covered_lines": 4, "num_statements": 4, "percent_covered": 100.0, "percent_covered_display": "100", "missing_lines": 0, "excluded_lines": 0, "percent_statements_covered": 100.0, "percent_statements_covered_display": "100"}, "missing_lines": [], "excluded_lines": [], "start_line": 662}, "CubeStore.get_cycles": {"executed_lines": [676, 681], "summary": {"covered_lines": 2, "num_statements": 2, "percent_covered": 100.0, "percent_covered_display": "100", "missing_lines": 0, "excluded_lines": 0, "percent_statements_covered": 100.0, "percent_statements_covered_display": "100"}, "missing_lines": [], "excluded_lines": [], "start_line": 674}, "CubeStore.update_temperature": {"executed_lines": [686, 690, 691], "summary": {"covered_lines": 3, "num_statements": 3, "percent_covered": 100.0, "percent_covered_display": "100", "missing_lines": 0, "excluded_lines": 0, "percent_statements_covered": 100.0, "percent_statements_covered_display": "100"}, "missing_lines": [], "excluded_lines": [], "start_line": 684}, "CubeStore.update_score": {"executed_lines": [695, 699, 700], "summary": {"covered_lines": 3, "num_statements": 3, "percent_covered": 100.0, "percent_covered_display": "100", "missing_lines": 0, "excluded_lines": 0, "percent_statements_covered": 100.0, "percent_statements_covered_display": "100"}, "missing_lines": [], "excluded_lines": [], "start_line": 693}, "_parse_python_deps": {"executed_lines": [717, 718, 719, 720, 721, 724, 725, 726, 728, 729, 731, 732, 733, 735, 736, 737, 738, 740, 741, 743, 744, 745, 746, 748, 749, 750, 751, 752, 753, 754, 755, 756, 757, 760], "summary": {"covered_lines": 34, "num_statements": 34, "percent_covered": 100.0, "percent_covered_display": "100", "missing_lines": 0, "excluded_lines": 0, "percent_statements_covered": 100.0, "percent_statements_covered_display": "100"}, "missing_lines": [], "excluded_lines": [], "start_line": 714}, "_parse_regex_deps": {"executed_lines": [773, 775, 776, 777, 778, 780, 781, 783, 784, 785, 786, 787, 808], "summary": {"covered_lines": 13, "num_statements": 29, "percent_covered": 44.827586206896555, "percent_covered_display": "45", "missing_lines": 16, "excluded_lines": 0, "percent_statements_covered": 44.827586206896555, "percent_statements_covered_display": "45"}, "missing_lines": [789, 790, 791, 793, 794, 795, 796, 797, 799, 800, 801, 802, 803, 804, 805, 806], "excluded_lines": [], "start_line": 770}, "parse_dependencies": {"executed_lines": [818, 819, 821, 822, 823, 825, 826, 828], "summary": {"covered_lines": 8, "num_statements": 8, "percent_covered": 100.0, "percent_covered_display": "100", "missing_lines": 0, "excluded_lines": 0, "percent_statements_covered": 100.0, "percent_statements_covered_display": "100"}, "missing_lines": [], "excluded_lines": [], "start_line": 811}, "build_neighbor_graph": {"executed_lines": [846, 847, 850, 851, 852, 853, 854, 857, 858, 861, 862, 863, 864, 866, 868, 869, 872, 873, 874, 875, 882, 883, 884, 886, 887, 890, 891, 893], "summary": {"covered_lines": 28, "num_statements": 31, "percent_covered": 90.3225806451613, "percent_covered_display": "90", "missing_lines": 3, "excluded_lines": 0, "percent_statements_covered": 90.3225806451613, "percent_statements_covered_display": "90"}, "missing_lines": [877, 878, 879], "excluded_lines": [], "start_line": 836}, "assign_neighbors": {"executed_lines": [904, 906, 907, 908, 910, 911, 912], "summary": {"covered_lines": 7, "num_statements": 7, "percent_covered": 100.0, "percent_covered_display": "100", "missing_lines": 0, "excluded_lines": 0, "percent_statements_covered": 100.0, "percent_statements_covered_display": "100"}, "missing_lines": [], "excluded_lines": [], "start_line": 896}, "LLMProvider.generate": {"executed_lines": [], "summary": {"covered_lines": 0, "num_statements": 0, "percent_covered": 100.0, "percent_covered_display": "100", "missing_lines": 0, "excluded_lines": 1, "percent_statements_covered": 100.0, "percent_statements_covered_display": "100"}, "missing_lines": [], "excluded_lines": [931], "start_line": 928}, "LLMProvider.get_perplexity": {"executed_lines": [], "summary": {"covered_lines": 0, "num_statements": 0, "percent_covered": 100.0, "percent_covered_display": "100", "missing_lines": 0, "excluded_lines": 1, "percent_statements_covered": 100.0, "percent_statements_covered_display": "100"}, "missing_lines": [], "excluded_lines": [936], "start_line": 934}, "LLMProvider.list_models": {"executed_lines": [], "summary": {"covered_lines": 0, "num_statements": 0, "percent_covered": 100.0, "percent_covered_display": "100", "missing_lines": 0, "excluded_lines": 1, "percent_statements_covered": 100.0, "percent_statements_covered_display": "100"}, "missing_lines": [], "excluded_lines": [941], "start_line": 939}, "LLMProvider.name": {"executed_lines": [], "summary": {"covered_lines": 0, "num_statements": 0, "percent_covered": 100.0, "percent_covered_display": "100", "missing_lines": 0, "excluded_lines": 1, "percent_statements_covered": 100.0, "percent_statements_covered_display": "100"}, "missing_lines": [], "excluded_lines": [947], "start_line": 945}, "LLMProvider.supports_fim": {"executed_lines": [952], "summary": {"covered_lines": 1, "num_statements": 1, "percent_covered": 100.0, "percent_covered_display": "100", "missing_lines": 0, "excluded_lines": 0, "percent_statements_covered": 100.0, "percent_statements_covered_display": "100"}, "missing_lines": [], "excluded_lines": [], "start_line": 950}, "LLMProvider.fim_generate": {"executed_lines": [], "summary": {"covered_lines": 0, "num_statements": 1, "percent_covered": 0.0, "percent_covered_display": "0", "missing_lines": 1, "excluded_lines": 0, "percent_statements_covered": 0.0, "percent_statements_covered_display": "0"}, "missing_lines": [957], "excluded_lines": [], "start_line": 954}, "OllamaProvider.__init__": {"executed_lines": [970, 971, 972], "summary": {"covered_lines": 3, "num_statements": 3, "percent_covered": 100.0, "percent_covered_display": "100", "missing_lines": 0, "excluded_lines": 0, "percent_statements_covered": 100.0, "percent_statements_covered_display": "100"}, "missing_lines": [], "excluded_lines": [], "start_line": 969}, "OllamaProvider.name": {"executed_lines": [976], "summary": {"covered_lines": 1, "num_statements": 1, "percent_covered": 100.0, "percent_covered_display": "100", "missing_lines": 0, "excluded_lines": 0, "percent_statements_covered": 100.0, "percent_statements_covered_display": "100"}, "missing_lines": [], "excluded_lines": [], "start_line": 975}, "OllamaProvider.supports_fim": {"executed_lines": [980], "summary": {"covered_lines": 1, "num_statements": 1, "percent_covered": 100.0, "percent_covered_display": "100", "missing_lines": 0, "excluded_lines": 0, "percent_statements_covered": 100.0, "percent_statements_covered_display": "100"}, "missing_lines": [], "excluded_lines": [], "start_line": 979}, "OllamaProvider._request": {"executed_lines": [985, 986, 987, 988, 990, 991, 993, 994], "summary": {"covered_lines": 8, "num_statements": 9, "percent_covered": 88.88888888888889, "percent_covered_display": "89", "missing_lines": 1, "excluded_lines": 0, "percent_statements_covered": 88.88888888888889, "percent_statements_covered_display": "89"}, "missing_lines": [992], "excluded_lines": [], "start_line": 983}, "OllamaProvider.generate": {"executed_lines": [998], "summary": {"covered_lines": 1, "num_statements": 2, "percent_covered": 50.0, "percent_covered_display": "50", "missing_lines": 1, "excluded_lines": 0, "percent_statements_covered": 50.0, "percent_statements_covered_display": "50"}, "missing_lines": [1004], "excluded_lines": [], "start_line": 996}, "OllamaProvider.get_perplexity": {"executed_lines": [], "summary": {"covered_lines": 0, "num_statements": 7, "percent_covered": 0.0, "percent_covered_display": "0", "missing_lines": 7, "excluded_lines": 0, "percent_statements_covered": 0.0, "percent_statements_covered_display": "0"}, "missing_lines": [1010, 1011, 1012, 1013, 1015, 1016, 1017], "excluded_lines": [], "start_line": 1006}, "OllamaProvider.list_models": {"executed_lines": [], "summary": {"covered_lines": 0, "num_statements": 10, "percent_covered": 0.0, "percent_covered_display": "0", "missing_lines": 10, "excluded_lines": 0, "percent_statements_covered": 0.0, "percent_statements_covered_display": "0"}, "missing_lines": [1020, 1021, 1022, 1023, 1024, 1025, 1026, 1027, 1028, 1029], "excluded_lines": [], "start_line": 1019}, "OllamaProvider.fim_generate": {"executed_lines": [], "summary": {"covered_lines": 0, "num_statements": 4, "percent_covered": 0.0, "percent_covered_display": "0", "missing_lines": 4, "excluded_lines": 0, "percent_statements_covered": 0.0, "percent_statements_covered_display": "0"}, "missing_lines": [1034, 1035, 1037, 1038], "excluded_lines": [], "start_line": 1031}, "ClaudeProvider.__init__": {"executed_lines": [1052, 1053, 1054], "summary": {"covered_lines": 3, "num_statements": 3, "percent_covered": 100.0, "percent_covered_display": "100", "missing_lines": 0, "excluded_lines": 0, "percent_statements_covered": 100.0, "percent_statements_covered_display": "100"}, "missing_lines": [], "excluded_lines": [], "start_line": 1050}, "ClaudeProvider.name": {"executed_lines": [1058], "summary": {"covered_lines": 1, "num_statements": 1, "percent_covered": 100.0, "percent_covered_display": "100", "missing_lines": 0, "excluded_lines": 0, "percent_statements_covered": 100.0, "percent_statements_covered_display": "100"}, "missing_lines": [], "excluded_lines": [], "start_line": 1057}, "ClaudeProvider._get_client": {"executed_lines": [1061, 1062, 1063, 1064, 1065, 1066, 1069], "summary": {"covered_lines": 7, "num_statements": 9, "percent_covered": 77.77777777777777, "percent_covered_display": "78", "missing_lines": 2, "excluded_lines": 0, "percent_statements_covered": 77.77777777777777, "percent_statements_covered_display": "78"}, "missing_lines": [1067, 1068], "excluded_lines": [], "start_line": 1060}, "ClaudeProvider.generate": {"executed_lines": [1073, 1074, 1080], "summary": {"covered_lines": 3, "num_statements": 3, "percent_covered": 100.0, "percent_covered_display": "100", "missing_lines": 0, "excluded_lines": 0, "percent_statements_covered": 100.0, "percent_statements_covered_display": "100"}, "missing_lines": [], "excluded_lines": [], "start_line": 1071}, "ClaudeProvider.get_perplexity": {"executed_lines": [], "summary": {"covered_lines": 0, "num_statements": 6, "percent_covered": 0.0, "percent_covered_display": "0", "missing_lines": 6, "excluded_lines": 0, "percent_statements_covered": 0.0, "percent_statements_covered_display": "0"}, "missing_lines": [1084, 1085, 1086, 1090, 1091, 1092], "excluded_lines": [], "start_line": 1082}, "ClaudeProvider.list_models": {"executed_lines": [1095], "summary": {"covered_lines": 1, "num_statements": 1, "percent_covered": 100.0, "percent_covered_display": "100", "missing_lines": 0, "excluded_lines": 0, "percent_statements_covered": 100.0, "percent_statements_covered_display": "100"}, "missing_lines": [], "excluded_lines": [], "start_line": 1094}, "OpenAIProvider.__init__": {"executed_lines": [1108, 1109, 1110], "summary": {"covered_lines": 3, "num_statements": 3, "percent_covered": 100.0, "percent_covered_display": "100", "missing_lines": 0, "excluded_lines": 0, "percent_statements_covered": 100.0, "percent_statements_covered_display": "100"}, "missing_lines": [], "excluded_lines": [], "start_line": 1106}, "OpenAIProvider.name": {"executed_lines": [1114], "summary": {"covered_lines": 1, "num_statements": 1, "percent_covered": 100.0, "percent_covered_display": "100", "missing_lines": 0, "excluded_lines": 0, "percent_statements_covered": 100.0, "percent_statements_covered_display": "100"}, "missing_lines": [], "excluded_lines": [], "start_line": 1113}, "OpenAIProvider._get_client": {"executed_lines": [1117, 1118, 1119], "summary": {"covered_lines": 3, "num_statements": 9, "percent_covered": 33.333333333333336, "percent_covered_display": "33", "missing_lines": 6, "excluded_lines": 0, "percent_statements_covered": 33.333333333333336, "percent_statements_covered_display": "33"}, "missing_lines": [1120, 1121, 1122, 1123, 1124, 1125], "excluded_lines": [], "start_line": 1116}, "OpenAIProvider.generate": {"executed_lines": [], "summary": {"covered_lines": 0, "num_statements": 3, "percent_covered": 0.0, "percent_covered_display": "0", "missing_lines": 3, "excluded_lines": 0, "percent_statements_covered": 0.0, "percent_statements_covered_display": "0"}, "missing_lines": [1129, 1130, 1136], "excluded_lines": [], "start_line": 1127}, "OpenAIProvider.get_perplexity": {"executed_lines": [], "summary": {"covered_lines": 0, "num_statements": 6, "percent_covered": 0.0, "percent_covered_display": "0", "missing_lines": 6, "excluded_lines": 0, "percent_statements_covered": 0.0, "percent_statements_covered_display": "0"}, "missing_lines": [1139, 1140, 1141, 1145, 1146, 1147], "excluded_lines": [], "start_line": 1138}, "OpenAIProvider.list_models": {"executed_lines": [1150], "summary": {"covered_lines": 1, "num_statements": 1, "percent_covered": 100.0, "percent_covered_display": "100", "missing_lines": 0, "excluded_lines": 0, "percent_statements_covered": 100.0, "percent_statements_covered_display": "100"}, "missing_lines": [], "excluded_lines": [], "start_line": 1149}, "FIMReconstructor.__init__": {"executed_lines": [1173], "summary": {"covered_lines": 1, "num_statements": 1, "percent_covered": 100.0, "percent_covered_display": "100", "missing_lines": 0, "excluded_lines": 0, "percent_statements_covered": 100.0, "percent_statements_covered_display": "100"}, "missing_lines": [], "excluded_lines": [], "start_line": 1172}, "FIMReconstructor.reconstruct_fim": {"executed_lines": [1178, 1179, 1182, 1189], "summary": {"covered_lines": 4, "num_statements": 4, "percent_covered": 100.0, "percent_covered_display": "100", "missing_lines": 0, "excluded_lines": 0, "percent_statements_covered": 100.0, "percent_statements_covered_display": "100"}, "missing_lines": [], "excluded_lines": [], "start_line": 1175}, "FIMReconstructor.reconstruct_with_neighbors": {"executed_lines": [1200, 1204, 1205, 1206, 1208, 1211, 1212, 1213, 1215, 1216, 1219, 1223, 1229, 1230, 1231, 1232, 1234, 1236], "summary": {"covered_lines": 18, "num_statements": 19, "percent_covered": 94.73684210526316, "percent_covered_display": "95", "missing_lines": 1, "excluded_lines": 0, "percent_statements_covered": 94.73684210526316, "percent_statements_covered_display": "95"}, "missing_lines": [1220], "excluded_lines": [], "start_line": 1191}, "MockLLMProvider.__init__": {"executed_lines": [1245, 1246, 1247], "summary": {"covered_lines": 3, "num_statements": 3, "percent_covered": 100.0, "percent_covered_display": "100", "missing_lines": 0, "excluded_lines": 0, "percent_statements_covered": 100.0, "percent_statements_covered_display": "100"}, "missing_lines": [], "excluded_lines": [], "start_line": 1244}, "MockLLMProvider.name": {"executed_lines": [1251], "summary": {"covered_lines": 1, "num_statements": 1, "percent_covered": 100.0, "percent_covered_display": "100", "missing_lines": 0, "excluded_lines": 0, "percent_statements_covered": 100.0, "percent_statements_covered_display": "100"}, "missing_lines": [], "excluded_lines": [], "start_line": 1250}, "MockLLMProvider.supports_fim": {"executed_lines": [1255], "summary": {"covered_lines": 1, "num_statements": 1, "percent_covered": 100.0, "percent_covered_display": "100", "missing_lines": 0, "excluded_lines": 0, "percent_statements_covered": 100.0, "percent_statements_covered_display": "100"}, "missing_lines": [], "excluded_lines": [], "start_line": 1254}, "MockLLMProvider.generate": {"executed_lines": [1259, 1262, 1263, 1264, 1265], "summary": {"covered_lines": 5, "num_statements": 5, "percent_covered": 100.0, "percent_covered_display": "100", "missing_lines": 0, "excluded_lines": 0, "percent_statements_covered": 100.0, "percent_statements_covered_display": "100"}, "missing_lines": [], "excluded_lines": [], "start_line": 1257}, "MockLLMProvider.get_perplexity": {"executed_lines": [1268, 1270], "summary": {"covered_lines": 2, "num_statements": 2, "percent_covered": 100.0, "percent_covered_display": "100", "missing_lines": 0, "excluded_lines": 0, "percent_statements_covered": 100.0, "percent_statements_covered_display": "100"}, "missing_lines": [], "excluded_lines": [], "start_line": 1267}, "MockLLMProvider.list_models": {"executed_lines": [1273], "summary": {"covered_lines": 1, "num_statements": 1, "percent_covered": 100.0, "percent_covered_display": "100", "missing_lines": 0, "excluded_lines": 0, "percent_statements_covered": 100.0, "percent_statements_covered_display": "100"}, "missing_lines": [], "excluded_lines": [], "start_line": 1272}, "MockLLMProvider.fim_generate": {"executed_lines": [1277, 1278], "summary": {"covered_lines": 2, "num_statements": 2, "percent_covered": 100.0, "percent_covered_display": "100", "missing_lines": 0, "excluded_lines": 0, "percent_statements_covered": 100.0, "percent_statements_covered_display": "100"}, "missing_lines": [], "excluded_lines": [], "start_line": 1275}, "reconstruct_cube": {"executed_lines": [1307, 1308, 1313, 1314, 1317, 1320, 1325, 1327], "summary": {"covered_lines": 8, "num_statements": 8, "percent_covered": 100.0, "percent_covered_display": "100", "missing_lines": 0, "excluded_lines": 0, "percent_statements_covered": 100.0, "percent_statements_covered_display": "100"}, "missing_lines": [], "excluded_lines": [], "start_line": 1296}, "validate_reconstruction": {"executed_lines": [1347], "summary": {"covered_lines": 1, "num_statements": 1, "percent_covered": 100.0, "percent_covered_display": "100", "missing_lines": 0, "excluded_lines": 0, "percent_statements_covered": 100.0, "percent_statements_covered_display": "100"}, "missing_lines": [], "excluded_lines": [], "start_line": 1341}, "compute_hotness": {"executed_lines": [1363, 1364], "summary": {"covered_lines": 2, "num_statements": 2, "percent_covered": 100.0, "percent_covered_display": "100", "missing_lines": 0, "excluded_lines": 0, "percent_statements_covered": 100.0, "percent_statements_covered_display": "100"}, "missing_lines": [], "excluded_lines": [], "start_line": 1352}, "compute_ncd": {"executed_lines": [1378, 1380, 1381, 1382, 1383, 1385, 1386, 1388, 1389, 1390, 1392, 1393], "summary": {"covered_lines": 12, "num_statements": 12, "percent_covered": 100.0, "percent_covered_display": "100", "missing_lines": 0, "excluded_lines": 0, "percent_statements_covered": 100.0, "percent_statements_covered_display": "100"}, "missing_lines": [], "excluded_lines": [], "start_line": 1369}, "run_destruction_cycle": {"executed_lines": [1409, 1411, 1413, 1414, 1415, 1416, 1417, 1418, 1421, 1422, 1425, 1429, 1432, 1433, 1434, 1435, 1436, 1438], "summary": {"covered_lines": 18, "num_statements": 19, "percent_covered": 94.73684210526316, "percent_covered_display": "95", "missing_lines": 1, "excluded_lines": 0, "percent_statements_covered": 94.73684210526316, "percent_statements_covered_display": "95"}, "missing_lines": [1430], "excluded_lines": [], "start_line": 1396}, "compute_temperature": {"executed_lines": [1449, 1450, 1451, 1453, 1454, 1455, 1456, 1458, 1460, 1465], "summary": {"covered_lines": 10, "num_statements": 10, "percent_covered": 100.0, "percent_covered_display": "100", "missing_lines": 0, "excluded_lines": 0, "percent_statements_covered": 100.0, "percent_statements_covered_display": "100"}, "missing_lines": [], "excluded_lines": [], "start_line": 1443}, "update_all_temperatures": {"executed_lines": [1470, 1471, 1472, 1473], "summary": {"covered_lines": 4, "num_statements": 4, "percent_covered": 100.0, "percent_covered_display": "100", "missing_lines": 0, "excluded_lines": 0, "percent_statements_covered": 100.0, "percent_statements_covered_display": "100"}, "missing_lines": [], "excluded_lines": [], "start_line": 1468}, "kaplan_meier_survival": {"executed_lines": [1484, 1485, 1486, 1488, 1489, 1491, 1492, 1493, 1494, 1495, 1497], "summary": {"covered_lines": 11, "num_statements": 11, "percent_covered": 100.0, "percent_covered_display": "100", "missing_lines": 0, "excluded_lines": 0, "percent_statements_covered": 100.0, "percent_statements_covered_display": "100"}, "missing_lines": [], "excluded_lines": [], "start_line": 1478}, "detect_dead_code": {"executed_lines": [1508, 1509, 1511, 1512, 1514, 1515, 1518, 1519, 1520, 1523, 1524, 1525, 1527], "summary": {"covered_lines": 13, "num_statements": 13, "percent_covered": 100.0, "percent_covered_display": "100", "missing_lines": 0, "excluded_lines": 0, "percent_statements_covered": 100.0, "percent_statements_covered_display": "100"}, "missing_lines": [], "excluded_lines": [], "start_line": 1502}, "filter_dead_cubes": {"executed_lines": [1532, 1533, 1534, 1535, 1537, 1538], "summary": {"covered_lines": 6, "num_statements": 6, "percent_covered": 100.0, "percent_covered_display": "100", "missing_lines": 0, "excluded_lines": 0, "percent_statements_covered": 100.0, "percent_statements_covered_display": "100"}, "missing_lines": [], "excluded_lines": [], "start_line": 1530}, "compute_gods_number": {"executed_lines": [1563, 1565, 1566, 1567, 1569, 1570, 1571, 1573, 1574, 1575, 1576, 1578, 1579, 1580, 1581, 1583, 1585], "summary": {"covered_lines": 17, "num_statements": 17, "percent_covered": 100.0, "percent_covered_display": "100", "missing_lines": 0, "excluded_lines": 0, "percent_statements_covered": 100.0, "percent_statements_covered_display": "100"}, "missing_lines": [], "excluded_lines": [], "start_line": 1554}, "build_level_cubes": {"executed_lines": [1615, 1616, 1617, 1619, 1621, 1622, 1624, 1625, 1626, 1629, 1630, 1631, 1632, 1634, 1644, 1646], "summary": {"covered_lines": 16, "num_statements": 17, "percent_covered": 94.11764705882354, "percent_covered_display": "94", "missing_lines": 1, "excluded_lines": 0, "percent_statements_covered": 94.11764705882354, "percent_statements_covered_display": "94"}, "missing_lines": [1627], "excluded_lines": [], "start_line": 1603}, "aggregate_scores": {"executed_lines": [1658, 1659, 1660], "summary": {"covered_lines": 3, "num_statements": 3, "percent_covered": 100.0, "percent_covered_display": "100", "missing_lines": 0, "excluded_lines": 0, "percent_statements_covered": 100.0, "percent_statements_covered_display": "100"}, "missing_lines": [], "excluded_lines": [], "start_line": 1651}, "propagate_levels": {"executed_lines": [1671, 1673, 1674, 1675, 1676, 1680, 1681, 1682, 1684, 1685, 1687, 1688, 1690, 1691, 1692, 1694], "summary": {"covered_lines": 16, "num_statements": 17, "percent_covered": 94.11764705882354, "percent_covered_display": "94", "missing_lines": 1, "excluded_lines": 0, "percent_statements_covered": 94.11764705882354, "percent_statements_covered_display": "94"}, "missing_lines": [1677], "excluded_lines": [], "start_line": 1663}, "feed_mycelium_from_results": {"executed_lines": [1711, 1712, 1714, 1715, 1716, 1719, 1720, 1721, 1725, 1726, 1728, 1736, 1739, 1746], "summary": {"covered_lines": 14, "num_statements": 21, "percent_covered": 66.66666666666667, "percent_covered_display": "67", "missing_lines": 7, "excluded_lines": 0, "percent_statements_covered": 66.66666666666667, "percent_statements_covered_display": "67"}, "missing_lines": [1717, 1722, 1740, 1741, 1742, 1743, 1744], "excluded_lines": [], "start_line": 1699}, "_extract_concepts": {"executed_lines": [1751, 1752, 1753, 1754, 1755, 1756, 1757, 1758, 1759, 1760, 1761, 1762, 1763, 1764], "summary": {"covered_lines": 14, "num_statements": 14, "percent_covered": 100.0, "percent_covered_display": "100", "missing_lines": 0, "excluded_lines": 0, "percent_statements_covered": 100.0, "percent_statements_covered_display": "100"}, "missing_lines": [], "excluded_lines": [], "start_line": 1749}, "hebbian_update": {"executed_lines": [1780, 1781, 1782, 1783, 1785, 1788, 1790], "summary": {"covered_lines": 7, "num_statements": 7, "percent_covered": 100.0, "percent_covered_display": "100", "missing_lines": 0, "excluded_lines": 0, "percent_statements_covered": 100.0, "percent_statements_covered_display": "100"}, "missing_lines": [], "excluded_lines": [], "start_line": 1769}, "git_blame_cube": {"executed_lines": [1802, 1804, 1805, 1806, 1808, 1809, 1815, 1819, 1820, 1821, 1822, 1823, 1824, 1825, 1826, 1827, 1828, 1829, 1830, 1831, 1832, 1833, 1834, 1836], "summary": {"covered_lines": 24, "num_statements": 27, "percent_covered": 88.88888888888889, "percent_covered_display": "89", "missing_lines": 3, "excluded_lines": 0, "percent_statements_covered": 88.88888888888889, "percent_statements_covered_display": "89"}, "missing_lines": [1816, 1844, 1845], "excluded_lines": [], "start_line": 1796}, "git_log_value": {"executed_lines": [1854, 1856, 1857, 1863, 1866, 1867, 1868, 1869, 1870, 1871, 1872], "summary": {"covered_lines": 11, "num_statements": 14, "percent_covered": 78.57142857142857, "percent_covered_display": "79", "missing_lines": 3, "excluded_lines": 0, "percent_statements_covered": 78.57142857142857, "percent_statements_covered_display": "79"}, "missing_lines": [1864, 1874, 1875], "excluded_lines": [], "start_line": 1848}, "CubeScheduler.__init__": {"executed_lines": [1893, 1894, 1895, 1896, 1897], "summary": {"covered_lines": 5, "num_statements": 5, "percent_covered": 100.0, "percent_covered_display": "100", "missing_lines": 0, "excluded_lines": 0, "percent_statements_covered": 100.0, "percent_statements_covered_display": "100"}, "missing_lines": [], "excluded_lines": [], "start_line": 1891}, "CubeScheduler._check_activity": {"executed_lines": [1901, 1902, 1903, 1909, 1916, 1917, 1918, 1926, 1928], "summary": {"covered_lines": 9, "num_statements": 20, "percent_covered": 45.0, "percent_covered_display": "45", "missing_lines": 11, "excluded_lines": 0, "percent_statements_covered": 45.0, "percent_statements_covered_display": "45"}, "missing_lines": [1910, 1911, 1912, 1913, 1919, 1920, 1921, 1922, 1923, 1924, 1925], "excluded_lines": [], "start_line": 1899}, "CubeScheduler.is_quiet": {"executed_lines": [1932], "summary": {"covered_lines": 1, "num_statements": 1, "percent_covered": 100.0, "percent_covered_display": "100", "missing_lines": 0, "excluded_lines": 0, "percent_statements_covered": 100.0, "percent_statements_covered_display": "100"}, "missing_lines": [], "excluded_lines": [], "start_line": 1930}, "CubeScheduler.should_run": {"executed_lines": [1936, 1937], "summary": {"covered_lines": 2, "num_statements": 2, "percent_covered": 100.0, "percent_covered_display": "100", "missing_lines": 0, "excluded_lines": 0, "percent_statements_covered": 100.0, "percent_statements_covered_display": "100"}, "missing_lines": [], "excluded_lines": [], "start_line": 1934}, "CubeConfig.load": {"executed_lines": [1961, 1962, 1963, 1964, 1965, 1966, 1967], "summary": {"covered_lines": 7, "num_statements": 9, "percent_covered": 77.77777777777777, "percent_covered_display": "78", "missing_lines": 2, "excluded_lines": 0, "percent_statements_covered": 77.77777777777777, "percent_statements_covered_display": "78"}, "missing_lines": [1977, 1978], "excluded_lines": [], "start_line": 1959}, "CubeConfig.save": {"executed_lines": [1982, 1983, 1984, 1990, 2000, 2001], "summary": {"covered_lines": 6, "num_statements": 11, "percent_covered": 54.54545454545455, "percent_covered_display": "55", "missing_lines": 5, "excluded_lines": 0, "percent_statements_covered": 54.54545454545455, "percent_statements_covered_display": "55"}, "missing_lines": [1985, 1986, 1987, 1988, 1989], "excluded_lines": [], "start_line": 1980}, "CubeConfig.get_provider": {"executed_lines": [2005, 2013, 2016, 2019, 2022], "summary": {"covered_lines": 5, "num_statements": 15, "percent_covered": 33.333333333333336, "percent_covered_display": "33", "missing_lines": 10, "excluded_lines": 0, "percent_statements_covered": 33.333333333333336, "percent_statements_covered_display": "33"}, "missing_lines": [2006, 2007, 2008, 2009, 2010, 2014, 2015, 2017, 2018, 2020], "excluded_lines": [], "start_line": 2003}, "CubeConfig.validate_provider": {"executed_lines": [2026, 2027, 2028], "summary": {"covered_lines": 3, "num_statements": 3, "percent_covered": 100.0, "percent_covered_display": "100", "missing_lines": 0, "excluded_lines": 0, "percent_statements_covered": 100.0, "percent_statements_covered_display": "100"}, "missing_lines": [], "excluded_lines": [], "start_line": 2024}, "cli_scan": {"executed_lines": [2044, 2045, 2047, 2049, 2052, 2053, 2054, 2055, 2058, 2059, 2063, 2065, 2072], "summary": {"covered_lines": 13, "num_statements": 13, "percent_covered": 100.0, "percent_covered_display": "100", "missing_lines": 0, "excluded_lines": 0, "percent_statements_covered": 100.0, "percent_statements_covered_display": "100"}, "missing_lines": [], "excluded_lines": [], "start_line": 2038}, "cli_run": {"executed_lines": [2080, 2081, 2083, 2084, 2085, 2086, 2088, 2089, 2090, 2095, 2098, 2101, 2103, 2104, 2113], "summary": {"covered_lines": 15, "num_statements": 15, "percent_covered": 100.0, "percent_covered_display": "100", "missing_lines": 0, "excluded_lines": 0, "percent_statements_covered": 100.0, "percent_statements_covered_display": "100"}, "missing_lines": [], "excluded_lines": [], "start_line": 2075}, "cli_status": {"executed_lines": [2120, 2121, 2122, 2124, 2125, 2126, 2127, 2130, 2131, 2132, 2134, 2147], "summary": {"covered_lines": 12, "num_statements": 12, "percent_covered": 100.0, "percent_covered_display": "100", "missing_lines": 0, "excluded_lines": 0, "percent_statements_covered": 100.0, "percent_statements_covered_display": "100"}, "missing_lines": [], "excluded_lines": [], "start_line": 2116}, "cli_god": {"executed_lines": [2154, 2155, 2156, 2158, 2159, 2160, 2161, 2163, 2172], "summary": {"covered_lines": 9, "num_statements": 9, "percent_covered": 100.0, "percent_covered_display": "100", "missing_lines": 0, "excluded_lines": 0, "percent_statements_covered": 100.0, "percent_statements_covered_display": "100"}, "missing_lines": [], "excluded_lines": [], "start_line": 2150}, "build_adjacency_matrix": {"executed_lines": [2179, 2181, 2182, 2183, 2185, 2186, 2187, 2188, 2189, 2190, 2191, 2192, 2194], "summary": {"covered_lines": 13, "num_statements": 13, "percent_covered": 100.0, "percent_covered_display": "100", "missing_lines": 0, "excluded_lines": 0, "percent_statements_covered": 100.0, "percent_statements_covered_display": "100"}, "missing_lines": [], "excluded_lines": [], "start_line": 2177}, "laplacian_rg_grouping": {"executed_lines": [2204, 2205, 2206, 2218, 2219, 2220, 2222, 2223, 2225, 2226, 2227, 2229, 2230, 2231, 2232, 2233, 2237, 2239, 2240, 2241, 2243], "summary": {"covered_lines": 21, "num_statements": 33, "percent_covered": 63.63636363636363, "percent_covered_display": "64", "missing_lines": 12, "excluded_lines": 0, "percent_statements_covered": 63.63636363636363, "percent_statements_covered_display": "64"}, "missing_lines": [2207, 2208, 2209, 2210, 2211, 2212, 2213, 2214, 2215, 2216, 2234, 2235], "excluded_lines": [], "start_line": 2197}, "_simple_kmeans": {"executed_lines": [2248, 2250, 2251, 2254, 2255, 2256, 2257, 2259, 2260, 2261, 2262, 2264, 2265, 2266, 2267, 2268, 2272, 2273, 2274, 2276], "summary": {"covered_lines": 20, "num_statements": 22, "percent_covered": 90.9090909090909, "percent_covered_display": "91", "missing_lines": 2, "excluded_lines": 0, "percent_statements_covered": 90.9090909090909, "percent_statements_covered_display": "91"}, "missing_lines": [2252, 2270], "excluded_lines": [], "start_line": 2246}, "cheeger_constant": {"executed_lines": [2286, 2287, 2288, 2293, 2294, 2295, 2297, 2298, 2299, 2301, 2302, 2304, 2305, 2306, 2308, 2309, 2310, 2311, 2312, 2316], "summary": {"covered_lines": 20, "num_statements": 23, "percent_covered": 86.95652173913044, "percent_covered_display": "87", "missing_lines": 3, "excluded_lines": 0, "percent_statements_covered": 86.95652173913044, "percent_statements_covered_display": "87"}, "missing_lines": [2289, 2290, 2314], "excluded_lines": [], "start_line": 2281}, "belief_propagation": {"executed_lines": [2333, 2334, 2336, 2337, 2338, 2339, 2341, 2342, 2343, 2345, 2346, 2347, 2348, 2349, 2350, 2351, 2352, 2354, 2355, 2356, 2358, 2359, 2360, 2362, 2363, 2364, 2366, 2367, 2368, 2369, 2370, 2371, 2372, 2374], "summary": {"covered_lines": 34, "num_statements": 34, "percent_covered": 100.0, "percent_covered_display": "100", "missing_lines": 0, "excluded_lines": 0, "percent_statements_covered": 100.0, "percent_statements_covered_display": "100"}, "missing_lines": [], "excluded_lines": [], "start_line": 2327}, "survey_propagation_filter": {"executed_lines": [2386, 2387, 2389, 2390, 2391, 2392, 2396], "summary": {"covered_lines": 7, "num_statements": 8, "percent_covered": 87.5, "percent_covered_display": "88", "missing_lines": 1, "excluded_lines": 0, "percent_statements_covered": 87.5, "percent_statements_covered_display": "88"}, "missing_lines": [2394], "excluded_lines": [], "start_line": 2379}, "tononi_degeneracy": {"executed_lines": [2409, 2410, 2411, 2413, 2415, 2416, 2417, 2418, 2419, 2420, 2421, 2422, 2424, 2427, 2428, 2429, 2431], "summary": {"covered_lines": 17, "num_statements": 18, "percent_covered": 94.44444444444444, "percent_covered_display": "94", "missing_lines": 1, "excluded_lines": 0, "percent_statements_covered": 94.44444444444444, "percent_statements_covered_display": "94"}, "missing_lines": [2425], "excluded_lines": [], "start_line": 2401}, "cube_heatmap": {"executed_lines": [2441, 2446, 2447, 2448, 2449, 2453, 2454, 2455, 2456, 2457, 2458, 2461, 2462, 2463, 2464, 2466], "summary": {"covered_lines": 16, "num_statements": 16, "percent_covered": 100.0, "percent_covered_display": "100", "missing_lines": 0, "excluded_lines": 0, "percent_statements_covered": 100.0, "percent_statements_covered_display": "100"}, "missing_lines": [], "excluded_lines": [], "start_line": 2436}, "fuse_risks": {"executed_lines": [2480, 2481, 2486, 2487, 2493, 2496, 2497, 2498, 2499, 2500, 2501, 2502, 2510, 2511], "summary": {"covered_lines": 14, "num_statements": 14, "percent_covered": 100.0, "percent_covered_display": "100", "missing_lines": 0, "excluded_lines": 0, "percent_statements_covered": 100.0, "percent_statements_covered_display": "100"}, "missing_lines": [], "excluded_lines": [], "start_line": 2471}, "_get_forge_risks": {"executed_lines": [2516, 2517, 2518, 2519, 2520, 2521, 2522, 2523, 2525, 2526, 2527, 2528, 2529, 2530, 2531, 2535, 2536, 2537], "summary": {"covered_lines": 18, "num_statements": 23, "percent_covered": 78.26086956521739, "percent_covered_display": "78", "missing_lines": 5, "excluded_lines": 0, "percent_statements_covered": 78.26086956521739, "percent_statements_covered_display": "78"}, "missing_lines": [2532, 2533, 2534, 2538, 2539], "excluded_lines": [], "start_line": 2514}, "auto_repair": {"executed_lines": [2560, 2562, 2563, 2565, 2567, 2568, 2569, 2570, 2573, 2574, 2575, 2576, 2577, 2579, 2580, 2581, 2583, 2584, 2592, 2603, 2605, 2608], "summary": {"covered_lines": 22, "num_statements": 28, "percent_covered": 78.57142857142857, "percent_covered_display": "79", "missing_lines": 6, "excluded_lines": 0, "percent_statements_covered": 78.57142857142857, "percent_statements_covered_display": "79"}, "missing_lines": [2585, 2586, 2589, 2590, 2604, 2606], "excluded_lines": [], "start_line": 2544}, "record_anomaly": {"executed_lines": [2619, 2620, 2621, 2630, 2631, 2632, 2633, 2634, 2635, 2636], "summary": {"covered_lines": 10, "num_statements": 10, "percent_covered": 100.0, "percent_covered_display": "100", "missing_lines": 0, "excluded_lines": 0, "percent_statements_covered": 100.0, "percent_statements_covered_display": "100"}, "missing_lines": [], "excluded_lines": [], "start_line": 2613}, "feedback_loop_check": {"executed_lines": [2646, 2647, 2649, 2650, 2652, 2653, 2654, 2655, 2656, 2657, 2659, 2660, 2661, 2662, 2666, 2669, 2670, 2671, 2673, 2674, 2675, 2680, 2684, 2685, 2686, 2688, 2696, 2697], "summary": {"covered_lines": 28, "num_statements": 34, "percent_covered": 82.3529411764706, "percent_covered_display": "82", "missing_lines": 6, "excluded_lines": 0, "percent_statements_covered": 82.3529411764706, "percent_statements_covered_display": "82"}, "missing_lines": [2658, 2663, 2664, 2667, 2681, 2682], "excluded_lines": [], "start_line": 2639}, "feed_anomalies_to_mycelium": {"executed_lines": [2711, 2712, 2714, 2715, 2716, 2717, 2718, 2720, 2721, 2722, 2723, 2725, 2726, 2727, 2736, 2743], "summary": {"covered_lines": 16, "num_statements": 24, "percent_covered": 66.66666666666667, "percent_covered_display": "67", "missing_lines": 8, "excluded_lines": 0, "percent_statements_covered": 66.66666666666667, "percent_statements_covered_display": "67"}, "missing_lines": [2719, 2733, 2734, 2737, 2738, 2739, 2740, 2741], "excluded_lines": [], "start_line": 2705}, "": {"executed_lines": [15, 16, 17, 18, 19, 20, 21, 22, 23, 24, 26, 27, 28, 38, 51, 62, 109, 112, 113, 115, 116, 117, 118, 120, 125, 134, 152, 167, 233, 234, 240, 241, 242, 243, 244, 245, 246, 247, 248, 249, 250, 252, 256, 257, 261, 265, 266, 273, 311, 319, 320, 321, 324, 374, 451, 477, 517, 520, 530, 539, 542, 547, 560, 572, 587, 599, 610, 622, 630, 641, 652, 662, 674, 684, 693, 705, 706, 708, 709, 710, 711, 714, 764, 766, 767, 770, 811, 833, 836, 896, 917, 920, 927, 928, 933, 934, 938, 939, 943, 944, 945, 949, 950, 954, 962, 969, 974, 975, 978, 979, 983, 996, 1006, 1019, 1031, 1043, 1050, 1056, 1057, 1060, 1071, 1082, 1094, 1101, 1106, 1112, 1113, 1116, 1127, 1138, 1149, 1155, 1165, 1172, 1175, 1191, 1241, 1244, 1249, 1250, 1253, 1254, 1257, 1267, 1272, 1275, 1283, 1284, 1286, 1287, 1288, 1289, 1290, 1291, 1292, 1293, 1296, 1341, 1352, 1369, 1396, 1443, 1468, 1478, 1502, 1530, 1543, 1544, 1546, 1547, 1548, 1549, 1550, 1551, 1554, 1603, 1651, 1663, 1699, 1749, 1769, 1796, 1848, 1880, 1883, 1891, 1899, 1930, 1934, 1942, 1943, 1949, 1950, 1951, 1952, 1953, 1954, 1955, 1956, 1958, 1959, 1980, 2003, 2024, 2038, 2075, 2116, 2150, 2177, 2197, 2246, 2281, 2327, 2379, 2401, 2436, 2471, 2514, 2544, 2613, 2639, 2705], "summary": {"covered_lines": 222, "num_statements": 227, "percent_covered": 97.79735682819383, "percent_covered_display": "98", "missing_lines": 5, "excluded_lines": 4, "percent_statements_covered": 97.79735682819383, "percent_statements_covered_display": "98"}, "missing_lines": [29, 30, 31, 32, 33], "excluded_lines": [932, 937, 942, 948], "start_line": 1}}, "classes": {"ScannedFile": {"executed_lines": [121, 122], "summary": {"covered_lines": 2, "num_statements": 2, "percent_covered": 100.0, "percent_covered_display": "100", "missing_lines": 0, "excluded_lines": 0, "percent_statements_covered": 100.0, "percent_statements_covered_display": "100"}, "missing_lines": [], "excluded_lines": [], "start_line": 113}, "Cube": {"executed_lines": [254, 259, 263, 268], "summary": {"covered_lines": 4, "num_statements": 4, "percent_covered": 100.0, "percent_covered_display": "100", "missing_lines": 0, "excluded_lines": 0, "percent_statements_covered": 100.0, "percent_statements_covered_display": "100"}, "missing_lines": [], "excluded_lines": [], "start_line": 234}, "CubeStore": {"executed_lines": [521, 522, 523, 524, 525, 526, 527, 528, 531, 532, 533, 536, 537, 549, 557, 558, 562, 569, 570, 574, 579, 580, 581, 589, 595, 601, 606, 612, 618, 624, 625, 628, 632, 633, 635, 636, 637, 644, 649, 650, 654, 665, 666, 671, 672, 676, 681, 686, 690, 691, 695, 699, 700], "summary": {"covered_lines": 53, "num_statements": 57, "percent_covered": 92.98245614035088, "percent_covered_display": "93", "missing_lines": 4, "excluded_lines": 0, "percent_statements_covered": 92.98245614035088, "percent_statements_covered_display": "93"}, "missing_lines": [534, 535, 540, 543], "excluded_lines": [], "start_line": 517}, "Dependency": {"executed_lines": [], "summary": {"covered_lines": 0, "num_statements": 0, "percent_covered": 100.0, "percent_covered_display": "100", "missing_lines": 0, "excluded_lines": 0, "percent_statements_covered": 100.0, "percent_statements_covered_display": "100"}, "missing_lines": [], "excluded_lines": [], "start_line": 706}, "LLMProvider": {"executed_lines": [952], "summary": {"covered_lines": 1, "num_statements": 2, "percent_covered": 50.0, "percent_covered_display": "50", "missing_lines": 1, "excluded_lines": 4, "percent_statements_covered": 50.0, "percent_statements_covered_display": "50"}, "missing_lines": [957], "excluded_lines": [931, 936, 941, 947], "start_line": 920}, "OllamaProvider": {"executed_lines": [970, 971, 972, 976, 980, 985, 986, 987, 988, 990, 991, 993, 994, 998], "summary": {"covered_lines": 14, "num_statements": 37, "percent_covered": 37.83783783783784, "percent_covered_display": "38", "missing_lines": 23, "excluded_lines": 0, "percent_statements_covered": 37.83783783783784, "percent_statements_covered_display": "38"}, "missing_lines": [992, 1004, 1010, 1011, 1012, 1013, 1015, 1016, 1017, 1020, 1021, 1022, 1023, 1024, 1025, 1026, 1027, 1028, 1029, 1034, 1035, 1037, 1038], "excluded_lines": [], "start_line": 962}, "ClaudeProvider": {"executed_lines": [1052, 1053, 1054, 1058, 1061, 1062, 1063, 1064, 1065, 1066, 1069, 1073, 1074, 1080, 1095], "summary": {"covered_lines": 15, "num_statements": 23, "percent_covered": 65.21739130434783, "percent_covered_display": "65", "missing_lines": 8, "excluded_lines": 0, "percent_statements_covered": 65.21739130434783, "percent_statements_covered_display": "65"}, "missing_lines": [1067, 1068, 1084, 1085, 1086, 1090, 1091, 1092], "excluded_lines": [], "start_line": 1043}, "OpenAIProvider": {"executed_lines": [1108, 1109, 1110, 1114, 1117, 1118, 1119, 1150], "summary": {"covered_lines": 8, "num_statements": 23, "percent_covered": 34.78260869565217, "percent_covered_display": "35", "missing_lines": 15, "excluded_lines": 0, "percent_statements_covered": 34.78260869565217, "percent_statements_covered_display": "35"}, "missing_lines": [1120, 1121, 1122, 1123, 1124, 1125, 1129, 1130, 1136, 1139, 1140, 1141, 1145, 1146, 1147], "excluded_lines": [], "start_line": 1101}, "FIMReconstructor": {"executed_lines": [1173, 1178, 1179, 1182, 1189, 1200, 1204, 1205, 1206, 1208, 1211, 1212, 1213, 1215, 1216, 1219, 1223, 1229, 1230, 1231, 1232, 1234, 1236], "summary": {"covered_lines": 23, "num_statements": 24, "percent_covered": 95.83333333333333, "percent_covered_display": "96", "missing_lines": 1, "excluded_lines": 0, "percent_statements_covered": 95.83333333333333, "percent_statements_covered_display": "96"}, "missing_lines": [1220], "excluded_lines": [], "start_line": 1155}, "MockLLMProvider": {"executed_lines": [1245, 1246, 1247, 1251, 1255, 1259, 1262, 1263, 1264, 1265, 1268, 1270, 1273, 1277, 1278], "summary": {"covered_lines": 15, "num_statements": 15, "percent_covered": 100.0, "percent_covered_display": "100", "missing_lines": 0, "excluded_lines": 0, "percent_statements_covered": 100.0, "percent_statements_covered_display": "100"}, "missing_lines": [], "excluded_lines": [], "start_line": 1241}, "ReconstructionResult": {"executed_lines": [], "summary": {"covered_lines": 0, "num_statements": 0, "percent_covered": 100.0, "percent_covered_display": "100", "missing_lines": 0, "excluded_lines": 0, "percent_statements_covered": 100.0, "percent_statements_covered_display": "100"}, "missing_lines": [], "excluded_lines": [], "start_line": 1284}, "GodsNumberResult": {"executed_lines": [], "summary": {"covered_lines": 0, "num_statements": 0, "percent_covered": 100.0, "percent_covered_display": "100", "missing_lines": 0, "excluded_lines": 0, "percent_statements_covered": 100.0, "percent_statements_covered_display": "100"}, "missing_lines": [], "excluded_lines": [], "start_line": 1544}, "CubeScheduler": {"executed_lines": [1893, 1894, 1895, 1896, 1897, 1901, 1902, 1903, 1909, 1916, 1917, 1918, 1926, 1928, 1932, 1936, 1937], "summary": {"covered_lines": 17, "num_statements": 28, "percent_covered": 60.714285714285715, "percent_covered_display": "61", "missing_lines": 11, "excluded_lines": 0, "percent_statements_covered": 60.714285714285715, "percent_statements_covered_display": "61"}, "missing_lines": [1910, 1911, 1912, 1913, 1919, 1920, 1921, 1922, 1923, 1924, 1925], "excluded_lines": [], "start_line": 1883}, "CubeConfig": {"executed_lines": [1961, 1962, 1963, 1964, 1965, 1966, 1967, 1982, 1983, 1984, 1990, 2000, 2001, 2005, 2013, 2016, 2019, 2022, 2026, 2027, 2028], "summary": {"covered_lines": 21, "num_statements": 38, "percent_covered": 55.26315789473684, "percent_covered_display": "55", "missing_lines": 17, "excluded_lines": 0, "percent_statements_covered": 55.26315789473684, "percent_statements_covered_display": "55"}, "missing_lines": [1977, 1978, 1985, 1986, 1987, 1988, 1989, 2006, 2007, 2008, 2009, 2010, 2014, 2015, 2017, 2018, 2020], "excluded_lines": [], "start_line": 1943}, "": {"executed_lines": [15, 16, 17, 18, 19, 20, 21, 22, 23, 24, 26, 27, 28, 38, 51, 62, 109, 112, 113, 115, 116, 117, 118, 120, 125, 127, 128, 129, 131, 134, 136, 137, 138, 152, 154, 155, 157, 158, 159, 160, 161, 164, 167, 181, 182, 183, 185, 187, 189, 191, 192, 195, 196, 199, 200, 203, 204, 208, 209, 210, 211, 216, 217, 221, 222, 228, 233, 234, 240, 241, 242, 243, 244, 245, 246, 247, 248, 249, 250, 252, 256, 257, 261, 265, 266, 273, 283, 285, 287, 289, 291, 293, 294, 295, 296, 298, 299, 300, 301, 302, 303, 304, 306, 307, 308, 311, 313, 314, 319, 320, 321, 324, 329, 330, 331, 333, 334, 335, 336, 338, 339, 341, 343, 344, 346, 347, 348, 351, 354, 355, 357, 358, 359, 360, 364, 365, 367, 368, 369, 371, 374, 382, 383, 384, 386, 387, 389, 399, 402, 405, 406, 407, 408, 410, 411, 414, 415, 416, 418, 419, 421, 422, 424, 425, 426, 429, 430, 432, 433, 443, 445, 446, 448, 451, 477, 517, 520, 530, 539, 542, 547, 560, 572, 587, 599, 610, 622, 630, 641, 652, 662, 674, 684, 693, 705, 706, 708, 709, 710, 711, 714, 717, 718, 719, 720, 721, 724, 725, 726, 728, 729, 731, 732, 733, 735, 736, 737, 738, 740, 741, 743, 744, 745, 746, 748, 749, 750, 751, 752, 753, 754, 755, 756, 757, 760, 764, 766, 767, 770, 773, 775, 776, 777, 778, 780, 781, 783, 784, 785, 786, 787, 808, 811, 818, 819, 821, 822, 823, 825, 826, 828, 833, 836, 846, 847, 850, 851, 852, 853, 854, 857, 858, 861, 862, 863, 864, 866, 868, 869, 872, 873, 874, 875, 882, 883, 884, 886, 887, 890, 891, 893, 896, 904, 906, 907, 908, 910, 911, 912, 917, 920, 927, 928, 933, 934, 938, 939, 943, 944, 945, 949, 950, 954, 962, 969, 974, 975, 978, 979, 983, 996, 1006, 1019, 1031, 1043, 1050, 1056, 1057, 1060, 1071, 1082, 1094, 1101, 1106, 1112, 1113, 1116, 1127, 1138, 1149, 1155, 1165, 1172, 1175, 1191, 1241, 1244, 1249, 1250, 1253, 1254, 1257, 1267, 1272, 1275, 1283, 1284, 1286, 1287, 1288, 1289, 1290, 1291, 1292, 1293, 1296, 1307, 1308, 1313, 1314, 1317, 1320, 1325, 1327, 1341, 1347, 1352, 1363, 1364, 1369, 1378, 1380, 1381, 1382, 1383, 1385, 1386, 1388, 1389, 1390, 1392, 1393, 1396, 1409, 1411, 1413, 1414, 1415, 1416, 1417, 1418, 1421, 1422, 1425, 1429, 1432, 1433, 1434, 1435, 1436, 1438, 1443, 1449, 1450, 1451, 1453, 1454, 1455, 1456, 1458, 1460, 1465, 1468, 1470, 1471, 1472, 1473, 1478, 1484, 1485, 1486, 1488, 1489, 1491, 1492, 1493, 1494, 1495, 1497, 1502, 1508, 1509, 1511, 1512, 1514, 1515, 1518, 1519, 1520, 1523, 1524, 1525, 1527, 1530, 1532, 1533, 1534, 1535, 1537, 1538, 1543, 1544, 1546, 1547, 1548, 1549, 1550, 1551, 1554, 1563, 1565, 1566, 1567, 1569, 1570, 1571, 1573, 1574, 1575, 1576, 1578, 1579, 1580, 1581, 1583, 1585, 1603, 1615, 1616, 1617, 1619, 1621, 1622, 1624, 1625, 1626, 1629, 1630, 1631, 1632, 1634, 1644, 1646, 1651, 1658, 1659, 1660, 1663, 1671, 1673, 1674, 1675, 1676, 1680, 1681, 1682, 1684, 1685, 1687, 1688, 1690, 1691, 1692, 1694, 1699, 1711, 1712, 1714, 1715, 1716, 1719, 1720, 1721, 1725, 1726, 1728, 1736, 1739, 1746, 1749, 1751, 1752, 1753, 1754, 1755, 1756, 1757, 1758, 1759, 1760, 1761, 1762, 1763, 1764, 1769, 1780, 1781, 1782, 1783, 1785, 1788, 1790, 1796, 1802, 1804, 1805, 1806, 1808, 1809, 1815, 1819, 1820, 1821, 1822, 1823, 1824, 1825, 1826, 1827, 1828, 1829, 1830, 1831, 1832, 1833, 1834, 1836, 1848, 1854, 1856, 1857, 1863, 1866, 1867, 1868, 1869, 1870, 1871, 1872, 1880, 1883, 1891, 1899, 1930, 1934, 1942, 1943, 1949, 1950, 1951, 1952, 1953, 1954, 1955, 1956, 1958, 1959, 1980, 2003, 2024, 2038, 2044, 2045, 2047, 2049, 2052, 2053, 2054, 2055, 2058, 2059, 2063, 2065, 2072, 2075, 2080, 2081, 2083, 2084, 2085, 2086, 2088, 2089, 2090, 2095, 2098, 2101, 2103, 2104, 2113, 2116, 2120, 2121, 2122, 2124, 2125, 2126, 2127, 2130, 2131, 2132, 2134, 2147, 2150, 2154, 2155, 2156, 2158, 2159, 2160, 2161, 2163, 2172, 2177, 2179, 2181, 2182, 2183, 2185, 2186, 2187, 2188, 2189, 2190, 2191, 2192, 2194, 2197, 2204, 2205, 2206, 2218, 2219, 2220, 2222, 2223, 2225, 2226, 2227, 2229, 2230, 2231, 2232, 2233, 2237, 2239, 2240, 2241, 2243, 2246, 2248, 2250, 2251, 2254, 2255, 2256, 2257, 2259, 2260, 2261, 2262, 2264, 2265, 2266, 2267, 2268, 2272, 2273, 2274, 2276, 2281, 2286, 2287, 2288, 2293, 2294, 2295, 2297, 2298, 2299, 2301, 2302, 2304, 2305, 2306, 2308, 2309, 2310, 2311, 2312, 2316, 2327, 2333, 2334, 2336, 2337, 2338, 2339, 2341, 2342, 2343, 2345, 2346, 2347, 2348, 2349, 2350, 2351, 2352, 2354, 2355, 2356, 2358, 2359, 2360, 2362, 2363, 2364, 2366, 2367, 2368, 2369, 2370, 2371, 2372, 2374, 2379, 2386, 2387, 2389, 2390, 2391, 2392, 2396, 2401, 2409, 2410, 2411, 2413, 2415, 2416, 2417, 2418, 2419, 2420, 2421, 2422, 2424, 2427, 2428, 2429, 2431, 2436, 2441, 2446, 2447, 2448, 2449, 2453, 2454, 2455, 2456, 2457, 2458, 2461, 2462, 2463, 2464, 2466, 2471, 2480, 2481, 2486, 2487, 2493, 2496, 2497, 2498, 2499, 2500, 2501, 2502, 2510, 2511, 2514, 2516, 2517, 2518, 2519, 2520, 2521, 2522, 2523, 2525, 2526, 2527, 2528, 2529, 2530, 2531, 2535, 2536, 2537, 2544, 2560, 2562, 2563, 2565, 2567, 2568, 2569, 2570, 2573, 2574, 2575, 2576, 2577, 2579, 2580, 2581, 2583, 2584, 2592, 2603, 2605, 2608, 2613, 2619, 2620, 2621, 2630, 2631, 2632, 2633, 2634, 2635, 2636, 2639, 2646, 2647, 2649, 2650, 2652, 2653, 2654, 2655, 2656, 2657, 2659, 2660, 2661, 2662, 2666, 2669, 2670, 2671, 2673, 2674, 2675, 2680, 2684, 2685, 2686, 2688, 2696, 2697, 2705, 2711, 2712, 2714, 2715, 2716, 2717, 2718, 2720, 2721, 2722, 2723, 2725, 2726, 2727, 2736, 2743], "summary": {"covered_lines": 943, "num_statements": 1061, "percent_covered": 88.87841658812441, "percent_covered_display": "89", "missing_lines": 118, "excluded_lines": 4, "percent_statements_covered": 88.87841658812441, "percent_statements_covered_display": "89"}, "missing_lines": [29, 30, 31, 32, 33, 130, 140, 141, 142, 143, 144, 145, 146, 147, 148, 149, 162, 163, 205, 212, 213, 218, 219, 284, 286, 288, 349, 352, 361, 427, 459, 460, 461, 465, 466, 467, 468, 469, 472, 789, 790, 791, 793, 794, 795, 796, 797, 799, 800, 801, 802, 803, 804, 805, 806, 877, 878, 879, 1430, 1627, 1677, 1717, 1722, 1740, 1741, 1742, 1743, 1744, 1816, 1844, 1845, 1864, 1874, 1875, 2207, 2208, 2209, 2210, 2211, 2212, 2213, 2214, 2215, 2216, 2234, 2235, 2252, 2270, 2289, 2290, 2314, 2394, 2425, 2532, 2533, 2534, 2538, 2539, 2585, 2586, 2589, 2590, 2604, 2606, 2658, 2663, 2664, 2667, 2681, 2682, 2719, 2733, 2734, 2737, 2738, 2739, 2740, 2741], "excluded_lines": [932, 937, 942, 948], "start_line": 1}}}, "engine\\core\\forge.py": {"executed_lines": [36, 37, 38, 39, 40, 41, 42, 43, 44, 45, 46, 47, 48, 49, 51, 61, 62, 63, 64, 65, 66, 67, 68, 69, 70, 72, 73, 74, 75, 78, 92, 102, 104, 105, 107, 112, 129, 139, 203, 205, 206, 207, 212, 214, 215, 216, 219, 269, 310, 338, 356, 373, 430, 494, 577, 598, 641, 657, 684, 741, 773, 841, 846, 847, 849, 850, 851, 852, 853, 854, 855, 856, 857, 858, 859, 860, 861, 862, 863, 867, 868, 869, 870, 871, 874, 877, 878, 879, 880, 881, 882, 883, 884, 885, 886, 890, 894, 899, 900, 901, 903, 904, 905, 906, 908, 909, 916, 917, 919, 921, 922, 923, 925, 927, 931, 934, 935, 937, 938, 939, 942, 943, 946, 947, 949, 953, 954, 955, 958, 959, 960, 961, 964, 966, 967, 968, 969, 973, 977, 978, 982, 983, 984, 985, 1091, 1109, 1132, 1151, 1168, 1180, 1204, 1282, 1450, 1507, 1610, 1710, 1835, 1883, 2047], "summary": {"covered_lines": 159, "num_statements": 1374, "percent_covered": 11.572052401746724, "percent_covered_display": "12", "missing_lines": 1215, "excluded_lines": 0, "percent_statements_covered": 11.572052401746724, "percent_statements_covered_display": "12"}, "missing_lines": [53, 54, 55, 56, 57, 82, 83, 84, 85, 87, 88, 89, 94, 95, 96, 97, 98, 99, 108, 109, 115, 116, 117, 118, 119, 121, 122, 123, 124, 125, 126, 131, 132, 133, 135, 136, 141, 142, 144, 145, 146, 148, 150, 151, 158, 159, 163, 164, 165, 169, 172, 173, 174, 175, 177, 178, 179, 180, 183, 184, 185, 191, 208, 209, 221, 222, 223, 224, 225, 227, 228, 229, 232, 233, 234, 235, 236, 237, 238, 239, 240, 241, 242, 245, 246, 247, 248, 249, 250, 251, 252, 253, 254, 255, 256, 259, 260, 261, 262, 263, 264, 266, 271, 272, 275, 276, 277, 280, 281, 282, 298, 301, 302, 303, 304, 305, 307, 312, 313, 314, 316, 319, 320, 321, 323, 333, 334, 335, 340, 341, 342, 343, 345, 346, 347, 349, 350, 352, 353, 358, 359, 360, 368, 369, 376, 377, 378, 379, 380, 381, 382, 383, 384, 387, 388, 389, 391, 392, 393, 394, 395, 399, 400, 401, 402, 403, 404, 405, 408, 409, 410, 411, 412, 413, 414, 415, 417, 418, 420, 422, 423, 425, 426, 433, 434, 435, 436, 439, 440, 441, 444, 445, 446, 447, 448, 449, 450, 453, 454, 455, 456, 457, 458, 459, 460, 461, 463, 464, 465, 467, 468, 469, 470, 471, 472, 474, 475, 476, 477, 478, 479, 480, 481, 482, 483, 485, 486, 487, 488, 489, 490, 498, 499, 501, 503, 504, 505, 508, 509, 511, 512, 513, 514, 516, 517, 518, 520, 522, 523, 525, 526, 527, 528, 531, 533, 536, 537, 540, 541, 542, 543, 544, 546, 547, 549, 552, 554, 555, 556, 558, 559, 561, 563, 566, 567, 568, 569, 570, 571, 572, 573, 579, 581, 583, 585, 587, 588, 589, 590, 591, 592, 593, 594, 595, 601, 602, 603, 604, 605, 608, 610, 611, 612, 613, 615, 616, 617, 618, 619, 620, 621, 622, 623, 624, 625, 626, 627, 628, 629, 630, 631, 632, 633, 634, 635, 636, 638, 644, 645, 646, 647, 648, 649, 650, 651, 652, 653, 654, 661, 662, 663, 664, 666, 668, 669, 671, 673, 674, 675, 676, 677, 678, 679, 681, 687, 688, 689, 690, 692, 693, 694, 695, 696, 699, 702, 703, 704, 706, 707, 708, 710, 711, 712, 715, 716, 719, 720, 721, 722, 724, 725, 726, 727, 728, 730, 731, 732, 733, 734, 735, 736, 737, 744, 745, 748, 749, 750, 752, 753, 754, 758, 759, 760, 761, 763, 764, 770, 775, 776, 777, 778, 780, 781, 782, 783, 785, 786, 787, 788, 790, 791, 792, 793, 794, 796, 797, 798, 799, 800, 802, 805, 806, 810, 811, 812, 813, 814, 816, 817, 819, 821, 822, 823, 824, 826, 827, 828, 829, 830, 831, 833, 834, 835, 836, 837, 865, 887, 888, 889, 924, 932, 944, 950, 979, 980, 986, 989, 990, 993, 994, 995, 996, 997, 1000, 1001, 1002, 1003, 1004, 1005, 1006, 1007, 1008, 1009, 1010, 1011, 1012, 1013, 1014, 1015, 1016, 1017, 1018, 1019, 1020, 1021, 1022, 1023, 1026, 1027, 1028, 1029, 1030, 1031, 1033, 1034, 1035, 1036, 1037, 1039, 1040, 1041, 1042, 1043, 1044, 1046, 1049, 1050, 1051, 1054, 1055, 1056, 1057, 1058, 1059, 1060, 1063, 1064, 1065, 1066, 1067, 1070, 1071, 1072, 1075, 1076, 1077, 1078, 1079, 1080, 1081, 1082, 1083, 1084, 1085, 1087, 1112, 1113, 1114, 1115, 1116, 1118, 1119, 1120, 1122, 1123, 1124, 1125, 1126, 1127, 1128, 1129, 1134, 1135, 1136, 1137, 1138, 1139, 1140, 1141, 1142, 1143, 1144, 1146, 1147, 1153, 1154, 1155, 1156, 1157, 1158, 1159, 1160, 1161, 1162, 1163, 1165, 1170, 1171, 1172, 1173, 1174, 1175, 1176, 1177, 1182, 1183, 1185, 1186, 1187, 1188, 1189, 1190, 1194, 1195, 1196, 1198, 1199, 1200, 1201, 1207, 1208, 1209, 1210, 1211, 1212, 1214, 1215, 1216, 1217, 1219, 1220, 1221, 1224, 1225, 1226, 1227, 1229, 1230, 1231, 1232, 1233, 1234, 1235, 1237, 1239, 1240, 1241, 1242, 1243, 1244, 1245, 1246, 1247, 1249, 1251, 1252, 1253, 1254, 1255, 1256, 1257, 1258, 1259, 1261, 1262, 1263, 1264, 1267, 1268, 1269, 1271, 1272, 1273, 1274, 1275, 1276, 1277, 1278, 1285, 1286, 1287, 1288, 1289, 1290, 1292, 1293, 1294, 1295, 1296, 1297, 1300, 1301, 1302, 1304, 1305, 1306, 1307, 1308, 1309, 1311, 1312, 1313, 1314, 1316, 1317, 1318, 1321, 1322, 1325, 1326, 1327, 1328, 1330, 1331, 1332, 1333, 1334, 1336, 1339, 1345, 1346, 1347, 1348, 1351, 1352, 1353, 1354, 1355, 1358, 1370, 1373, 1374, 1375, 1376, 1377, 1378, 1379, 1380, 1381, 1384, 1385, 1386, 1387, 1388, 1389, 1390, 1392, 1394, 1395, 1396, 1397, 1398, 1399, 1400, 1401, 1402, 1403, 1404, 1405, 1406, 1407, 1408, 1409, 1410, 1411, 1412, 1413, 1414, 1417, 1418, 1419, 1420, 1421, 1422, 1423, 1424, 1425, 1426, 1427, 1429, 1430, 1431, 1434, 1435, 1436, 1437, 1438, 1440, 1443, 1444, 1445, 1446, 1453, 1454, 1455, 1457, 1458, 1459, 1461, 1462, 1463, 1464, 1465, 1466, 1467, 1470, 1473, 1476, 1477, 1478, 1479, 1480, 1481, 1483, 1484, 1485, 1486, 1487, 1488, 1489, 1490, 1491, 1493, 1494, 1496, 1497, 1498, 1500, 1502, 1503, 1510, 1511, 1512, 1515, 1516, 1517, 1518, 1519, 1521, 1522, 1523, 1524, 1527, 1528, 1529, 1533, 1534, 1538, 1539, 1540, 1541, 1542, 1543, 1544, 1545, 1546, 1548, 1549, 1550, 1552, 1555, 1556, 1557, 1558, 1561, 1562, 1564, 1565, 1566, 1567, 1569, 1570, 1572, 1573, 1574, 1575, 1577, 1578, 1580, 1581, 1583, 1584, 1586, 1591, 1592, 1593, 1595, 1597, 1598, 1599, 1600, 1601, 1602, 1603, 1604, 1605, 1606, 1615, 1616, 1617, 1618, 1619, 1621, 1622, 1625, 1626, 1627, 1628, 1629, 1632, 1633, 1634, 1635, 1636, 1637, 1638, 1639, 1640, 1641, 1642, 1643, 1644, 1645, 1646, 1647, 1648, 1649, 1650, 1651, 1652, 1655, 1656, 1657, 1658, 1659, 1660, 1661, 1662, 1665, 1666, 1667, 1670, 1671, 1672, 1674, 1675, 1677, 1678, 1679, 1681, 1682, 1683, 1685, 1686, 1687, 1688, 1689, 1692, 1693, 1695, 1696, 1697, 1698, 1699, 1700, 1702, 1703, 1704, 1705, 1706, 1715, 1716, 1717, 1718, 1719, 1722, 1723, 1725, 1726, 1727, 1728, 1729, 1730, 1731, 1732, 1733, 1734, 1735, 1737, 1738, 1739, 1740, 1741, 1742, 1743, 1744, 1745, 1746, 1747, 1749, 1750, 1751, 1754, 1755, 1756, 1757, 1758, 1759, 1760, 1762, 1763, 1765, 1766, 1767, 1770, 1771, 1772, 1773, 1774, 1775, 1776, 1779, 1780, 1781, 1782, 1783, 1784, 1785, 1786, 1787, 1788, 1791, 1792, 1793, 1795, 1797, 1798, 1801, 1802, 1803, 1804, 1805, 1806, 1807, 1808, 1809, 1810, 1812, 1815, 1816, 1817, 1818, 1819, 1820, 1821, 1823, 1824, 1825, 1826, 1827, 1828, 1830, 1831, 1838, 1839, 1840, 1841, 1844, 1845, 1848, 1849, 1852, 1853, 1854, 1855, 1856, 1857, 1858, 1861, 1862, 1863, 1864, 1865, 1866, 1867, 1869, 1872, 1873, 1875, 1876, 1877, 1879, 1880, 1884, 1885, 1887, 1888, 1889, 1891, 1892, 1893, 1894, 1895, 1897, 1898, 1899, 1900, 1901, 1902, 1903, 1904, 1906, 1907, 1908, 1909, 1910, 1912, 1913, 1914, 1916, 1917, 1918, 1919, 1920, 1921, 1922, 1923, 1925, 1926, 1927, 1929, 1930, 1931, 1933, 1934, 1935, 1936, 1937, 1938, 1939, 1940, 1942, 1943, 1944, 1946, 1947, 1948, 1949, 1950, 1951, 1952, 1953, 1955, 1956, 1957, 1958, 1959, 1960, 1961, 1962, 1963, 1965, 1966, 1967, 1968, 1969, 1970, 1971, 1972, 1974, 1975, 1976, 1977, 1978, 1980, 1981, 1982, 1984, 1985, 1986, 1987, 1988, 1989, 1990, 1992, 1993, 1994, 1996, 1997, 1998, 2000, 2001, 2002, 2003, 2005, 2006, 2007, 2008, 2009, 2010, 2011, 2012, 2013, 2014, 2015, 2016, 2017, 2018, 2022, 2023, 2024, 2025, 2027, 2028, 2029, 2032, 2033, 2034, 2036, 2037, 2038, 2040, 2043, 2044, 2048], "excluded_lines": [], "functions": {"_safe_path": {"executed_lines": [], "summary": {"covered_lines": 0, "num_statements": 5, "percent_covered": 0.0, "percent_covered_display": "0", "missing_lines": 5, "excluded_lines": 0, "percent_statements_covered": 0.0, "percent_statements_cove
[...]
 50, 51, 52, 85, 107, 109, 110, 120, 134, 135, 154, 155, 156, 157, 158, 159, 160, 164, 165, 166, 167, 168, 169, 172, 182, 183, 303, 327, 504, 548, 549, 550, 551, 552, 553, 554, 555, 556, 557, 558, 559, 560, 561, 562, 563], "excluded_lines": [], "start_line": 1}}}, "tests\\test_v9a_regen_e2e.py": {"executed_lines": [9, 10, 12, 13, 15, 16, 19, 21, 22, 23, 29, 36, 37, 38, 39, 42, 43, 45, 54, 55, 56, 57, 69, 71, 73, 76, 78, 79, 80, 81, 82, 83, 85, 87, 88, 91, 93, 94, 95, 96, 97, 99, 100, 106, 108, 133, 134, 137, 140, 143, 144, 145, 146, 147, 149, 150, 153, 159, 161, 183, 184, 185, 187, 188, 189, 190, 192, 196, 202, 204, 220, 221, 222, 224, 225, 228, 234, 236, 259, 260, 261, 262, 264, 265, 269, 272, 278, 280, 296, 298, 299, 300, 303, 304, 305, 306, 311, 317, 319, 320, 336, 337, 338, 339, 340, 343, 349, 352, 353, 356, 357, 359, 375, 376, 377, 378, 381, 382, 384, 387, 393, 395, 411, 413, 416, 418, 419, 420, 422, 425, 431, 434, 436, 452, 454, 457, 458, 461, 462, 464, 467, 473, 475, 495, 496, 497, 499, 500, 503, 509, 511, 557, 558, 560, 561, 562, 564, 565, 566, 569, 572, 578, 580, 596, 597, 600, 601, 604, 605, 607, 610, 616], "summary": {"covered_lines": 172, "num_statements": 203, "percent_covered": 84.72906403940887, "percent_covered_display": "85", "missing_lines": 31, "excluded_lines": 0, "percent_statements_covered": 84.72906403940887, "percent_statements_covered_display": "85"}, "missing_lines": [25, 26, 308, 309, 617, 618, 619, 620, 622, 623, 624, 625, 627, 628, 629, 631, 632, 633, 634, 636, 637, 638, 640, 641, 642, 644, 645, 646, 647, 648, 649], "excluded_lines": [], "functions": {"check": {"executed_lines": [21, 22, 23], "summary": {"covered_lines": 3, "num_statements": 5, "percent_covered": 60.0, "percent_covered_display": "60", "missing_lines": 2, "excluded_lines": 0, "percent_statements_covered": 60.0, "percent_statements_covered_display": "60"}, "missing_lines": [25, 26], "excluded_lines": [], "start_line": 19}, "_make_repo": {"executed_lines": [36, 37, 38, 39, 42, 43, 45, 54, 55, 56, 57, 69, 71, 73], "summary": {"covered_lines": 14, "num_statements": 14, "percent_covered": 100.0, "percent_covered_display": "100", "missing_lines": 0, "excluded_lines": 0, "percent_statements_covered": 100.0, "percent_statements_covered_display": "100"}, "missing_lines": [], "excluded_lines": [], "start_line": 29}, "_run_prune": {"executed_lines": [78, 79, 80, 81, 82, 83, 85, 87, 88], "summary": {"covered_lines": 9, "num_statements": 9, "percent_covered": 100.0, "percent_covered_display": "100", "missing_lines": 0, "excluded_lines": 0, "percent_statements_covered": 100.0, "percent_statements_covered_display": "100"}, "missing_lines": [], "excluded_lines": [], "start_line": 76}, "_run_boot": {"executed_lines": [93, 94, 95, 96, 97, 99, 100], "summary": {"covered_lines": 7, "num_statements": 7, "percent_covered": 100.0, "percent_covered_display": "100", "missing_lines": 0, "excluded_lines": 0, "percent_statements_covered": 100.0, "percent_statements_covered_display": "100"}, "missing_lines": [], "excluded_lines": [], "start_line": 91}, "test_regen_1_facts_extracted": {"executed_lines": [108, 133, 134, 137, 140, 143, 144, 145, 146, 147, 149, 150, 153], "summary": {"covered_lines": 13, "num_statements": 13, "percent_covered": 100.0, "percent_covered_display": "100", "missing_lines": 0, "excluded_lines": 0, "percent_statements_covered": 100.0, "percent_statements_covered_display": "100"}, "missing_lines": [], "excluded_lines": [], "start_line": 106}, "test_regen_2_untagged_excluded": {"executed_lines": [161, 183, 184, 185, 187, 188, 189, 190, 192, 196], "summary": {"covered_lines": 10, "num_statements": 10, "percent_covered": 100.0, "percent_covered_display": "100", "missing_lines": 0, "excluded_lines": 0, "percent_statements_covered": 100.0, "percent_statements_covered_display": "100"}, "missing_lines": [], "excluded_lines": [], "start_line": 159}, "test_regen_3_header_present": {"executed_lines": [204, 220, 221, 222, 224, 225, 228], "summary": {"covered_lines": 7, "num_statements": 7, "percent_covered": 100.0, "percent_covered_display": "100", "missing_lines": 0, "excluded_lines": 0, "percent_statements_covered": 100.0, "percent_statements_covered_display": "100"}, "missing_lines": [], "excluded_lines": [], "start_line": 202}, "test_regen_4_mycelium_proximity": {"executed_lines": [236, 259, 260, 261, 262, 264, 265, 269, 272], "summary": {"covered_lines": 9, "num_statements": 9, "percent_covered": 100.0, "percent_covered_display": "100", "missing_lines": 0, "excluded_lines": 0, "percent_statements_covered": 100.0, "percent_statements_covered_display": "100"}, "missing_lines": [], "excluded_lines": [], "start_line": 234}, "test_regen_5_missing_mn_no_crash": {"executed_lines": [280, 296, 298, 299, 300, 303, 304, 305, 306, 311], "summary": {"covered_lines": 10, "num_statements": 12, "percent_covered": 83.33333333333333, "percent_covered_display": "83", "missing_lines": 2, "excluded_lines": 0, "percent_statements_covered": 83.33333333333333, "percent_statements_covered_display": "83"}, "missing_lines": [308, 309], "excluded_lines": [], "start_line": 278}, "test_regen_6_no_duplication": {"executed_lines": [319, 320, 336, 337, 338, 339, 340, 343], "summary": {"covered_lines": 8, "num_statements": 8, "percent_covered": 100.0, "percent_covered_display": "100", "missing_lines": 0, "excluded_lines": 0, "percent_statements_covered": 100.0, "percent_statements_covered_display": "100"}, "missing_lines": [], "excluded_lines": [], "start_line": 317}, "test_regen_7_budget_recompression": {"executed_lines": [352, 353, 356, 357, 359, 375, 376, 377, 378, 381, 382, 384, 387], "summary": {"covered_lines": 13, "num_statements": 13, "percent_covered": 100.0, "percent_covered_display": "100", "missing_lines": 0, "excluded_lines": 0, "percent_statements_covered": 100.0, "percent_statements_covered_display": "100"}, "missing_lines": [], "excluded_lines": [], "start_line": 349}, "test_regen_8_idempotent": {"executed_lines": [395, 411, 413, 416, 418, 419, 420, 422, 425], "summary": {"covered_lines": 9, "num_statements": 9, "percent_covered": 100.0, "percent_covered_display": "100", "missing_lines": 0, "excluded_lines": 0, "percent_statements_covered": 100.0, "percent_statements_covered_display": "100"}, "missing_lines": [], "excluded_lines": [], "start_line": 393}, "test_regen_9_full_cycle_boot_finds_facts": {"executed_lines": [434, 436, 452, 454, 457, 458, 461, 462, 464, 467], "summary": {"covered_lines": 10, "num_statements": 10, "percent_covered": 100.0, "percent_covered_display": "100", "missing_lines": 0, "excluded_lines": 0, "percent_statements_covered": 100.0, "percent_statements_covered_display": "100"}, "missing_lines": [], "excluded_lines": [], "start_line": 431}, "test_regen_10_dead_concept_accessible": {"executed_lines": [475, 495, 496, 497, 499, 500, 503], "summary": {"covered_lines": 7, "num_statements": 7, "percent_covered": 100.0, "percent_covered_display": "100", "missing_lines": 0, "excluded_lines": 0, "percent_statements_covered": 100.0, "percent_statements_covered_display": "100"}, "missing_lines": [], "excluded_lines": [], "start_line": 473}, "test_regen_11_multi_death": {"executed_lines": [511, 557, 558, 560, 561, 562, 564, 565, 566, 569, 572], "summary": {"covered_lines": 11, "num_statements": 11, "percent_covered": 100.0, "percent_covered_display": "100", "missing_lines": 0, "excluded_lines": 0, "percent_statements_covered": 100.0, "percent_statements_covered_display": "100"}, "missing_lines": [], "excluded_lines": [], "start_line": 509}, "test_regen_12_v9b_sole_carrier_protected": {"executed_lines": [580, 596, 597, 600, 601, 604, 605, 607, 610], "summary": {"covered_lines": 9, "num_statements": 9, "percent_covered": 100.0, "percent_covered_display": "100", "missing_lines": 0, "excluded_lines": 0, "percent_statements_covered": 100.0, "percent_statements_covered_display": "100"}, "missing_lines": [], "excluded_lines": [], "start_line": 578}, "": {"executed_lines": [9, 10, 12, 13, 15, 16, 19, 29, 76, 91, 106, 159, 202, 234, 278, 317, 349, 393, 431, 473, 509, 578, 616], "summary": {"covered_lines": 23, "num_statements": 50, "percent_covered": 46.0, "percent_covered_display": "46", "missing_lines": 27, "excluded_lines": 0, "percent_statements_covered": 46.0, "percent_statements_covered_display": "46"}, "missing_lines": [617, 618, 619, 620, 622, 623, 624, 625, 627, 628, 629, 631, 632, 633, 634, 636, 637, 638, 640, 641, 642, 644, 645, 646, 647, 648, 649], "excluded_lines": [], "start_line": 1}}, "classes": {"": {"executed_lines": [9, 10, 12, 13, 15, 16, 19, 21, 22, 23, 29, 36, 37, 38, 39, 42, 43, 45, 54, 55, 56, 57, 69, 71, 73, 76, 78, 79, 80, 81, 82, 83, 85, 87, 88, 91, 93, 94, 95, 96, 97, 99, 100, 106, 108, 133, 134, 137, 140, 143, 144, 145, 146, 147, 149, 150, 153, 159, 161, 183, 184, 185, 187, 188, 189, 190, 192, 196, 202, 204, 220, 221, 222, 224, 225, 228, 234, 236, 259, 260, 261, 262, 264, 265, 269, 272, 278, 280, 296, 298, 299, 300, 303, 304, 305, 306, 311, 317, 319, 320, 336, 337, 338, 339, 340, 343, 349, 352, 353, 356, 357, 359, 375, 376, 377, 378, 381, 382, 384, 387, 393, 395, 411, 413, 416, 418, 419, 420, 422, 425, 431, 434, 436, 452, 454, 457, 458, 461, 462, 464, 467, 473, 475, 495, 496, 497, 499, 500, 503, 509, 511, 557, 558, 560, 561, 562, 564, 565, 566, 569, 572, 578, 580, 596, 597, 600, 601, 604, 605, 607, 610, 616], "summary": {"covered_lines": 172, "num_statements": 203, "percent_covered": 84.72906403940887, "percent_covered_display": "85", "missing_lines": 31, "excluded_lines": 0, "percent_statements_covered": 84.72906403940887, "percent_statements_covered_display": "85"}, "missing_lines": [25, 26, 308, 309, 617, 618, 619, 620, 622, 623, 624, 625, 627, 628, 629, 631, 632, 633, 634, 636, 637, 638, 640, 641, 642, 644, 645, 646, 647, 648, 649], "excluded_lines": [], "start_line": 1}}}, "tests\\test_vault.py": {"executed_lines": [12, 13, 15, 18, 20, 21, 22, 23, 24, 25, 28, 29, 30, 31, 34, 36, 37, 38, 39, 40, 41, 42, 43, 44, 45, 46, 49, 51, 52, 53, 54, 55, 56, 57, 58, 59, 62, 64, 65, 66, 67, 68, 69, 71, 72, 74, 77, 79, 80, 81, 82, 83, 86, 87, 89, 90, 93, 94, 95, 96, 99, 100, 101, 102, 105, 106, 108, 111, 113, 114, 115, 116, 117, 119, 120, 122, 123, 124, 126, 127, 129, 130, 132, 135, 137, 138, 139, 140, 141, 142, 143, 144, 145, 148, 150, 151, 152, 155, 160, 161, 164, 169, 170, 172, 175], "summary": {"covered_lines": 105, "num_statements": 115, "percent_covered": 91.30434782608695, "percent_covered_display": "91", "missing_lines": 10, "excluded_lines": 0, "percent_statements_covered": 91.30434782608695, "percent_statements_covered_display": "91"}, "missing_lines": [70, 176, 177, 178, 179, 180, 181, 182, 183, 184], "excluded_lines": [], "functions": {"_make_repo": {"executed_lines": [20, 21, 22, 23, 24, 25, 28, 29, 30, 31], "summary": {"covered_lines": 10, "num_statements": 10, "percent_covered": 100.0, "percent_covered_display": "100", "missing_lines": 0, "excluded_lines": 0, "percent_statements_covered": 100.0, "percent_statements_covered_display": "100"}, "missing_lines": [], "excluded_lines": [], "start_line": 18}, "test_v1_1_init_salt": {"executed_lines": [36, 37, 38, 39, 40, 41, 42, 43, 44, 45, 46], "summary": {"covered_lines": 11, "num_statements": 11, "percent_covered": 100.0, "percent_covered_display": "100", "missing_lines": 0, "excluded_lines": 0, "percent_statements_covered": 100.0, "percent_statements_covered_display": "100"}, "missing_lines": [], "excluded_lines": [], "start_line": 34}, "test_v1_2_roundtrip": {"executed_lines": [51, 52, 53, 54, 55, 56, 57, 58, 59], "summary": {"covered_lines": 9, "num_statements": 9, "percent_covered": 100.0, "percent_covered_display": "100", "missing_lines": 0, "excluded_lines": 0, "percent_statements_covered": 100.0, "percent_statements_covered_display": "100"}, "missing_lines": [], "excluded_lines": [], "start_line": 49}, "test_v1_3_wrong_password": {"executed_lines": [64, 65, 66, 67, 68, 69, 71, 72, 74], "summary": {"covered_lines": 9, "num_statements": 10, "percent_covered": 90.0, "percent_covered_display": "90", "missing_lines": 1, "excluded_lines": 0, "percent_statements_covered": 90.0, "percent_statements_covered_display": "90"}, "missing_lines": [70], "excluded_lines": [], "start_line": 62}, "test_v1_4_lock_unlock": {"executed_lines": [79, 80, 81, 82, 83, 86, 87, 89, 90, 93, 94, 95, 96, 99, 100, 101, 102, 105, 106, 108], "summary": {"covered_lines": 20, "num_statements": 20, "percent_covered": 100.0, "percent_covered_display": "100", "missing_lines": 0, "excluded_lines": 0, "percent_statements_covered": 100.0, "percent_statements_covered_display": "100"}, "missing_lines": [], "excluded_lines": [], "start_line": 77}, "test_v1_5_state_checks": {"executed_lines": [113, 114, 115, 116, 117, 119, 120, 122, 123, 124, 126, 127, 129, 130, 132], "summary": {"covered_lines": 15, "num_statements": 15, "percent_covered": 100.0, "percent_covered_display": "100", "missing_lines": 0, "excluded_lines": 0, "percent_statements_covered": 100.0, "percent_statements_covered_display": "100"}, "missing_lines": [], "excluded_lines": [], "start_line": 111}, "test_v1_6_pbkdf2_deterministic": {"executed_lines": [137, 138, 139, 140, 141, 142, 143, 144, 145], "summary": {"covered_lines": 9, "num_statements": 9, "percent_covered": 100.0, "percent_covered_display": "100", "missing_lines": 0, "excluded_lines": 0, "percent_statements_covered": 100.0, "percent_statements_covered_display": "100"}, "missing_lines": [], "excluded_lines": [], "start_line": 135}, "test_v1_7_cli": {"executed_lines": [150, 151, 152, 155, 160, 161, 164, 169, 170, 172], "summary": {"covered_lines": 10, "num_statements": 10, "percent_covered": 100.0, "percent_covered_display": "100", "missing_lines": 0, "excluded_lines": 0, "percent_statements_covered": 100.0, "percent_statements_covered_display": "100"}, "missing_lines": [], "excluded_lines": [], "start_line": 148}, "": {"executed_lines": [12, 13, 15, 18, 34, 49, 62, 77, 111, 135, 148, 175], "summary": {"covered_lines": 12, "num_statements": 21, "percent_covered": 57.142857142857146, "percent_covered_display": "57", "missing_lines": 9, "excluded_lines": 0, "percent_statements_covered": 57.142857142857146, "percent_statements_covered_display": "57"}, "missing_lines": [176, 177, 178, 179, 180, 181, 182, 183, 184], "excluded_lines": [], "start_line": 1}}, "classes": {"": {"executed_lines": [12, 13, 15, 18, 20, 21, 22, 23, 24, 25, 28, 29, 30, 31, 34, 36, 37, 38, 39, 40, 41, 42, 43, 44, 45, 46, 49, 51, 52, 53, 54, 55, 56, 57, 58, 59, 62, 64, 65, 66, 67, 68, 69, 71, 72, 74, 77, 79, 80, 81, 82, 83, 86, 87, 89, 90, 93, 94, 95, 96, 99, 100, 101, 102, 105, 106, 108, 111, 113, 114, 115, 116, 117, 119, 120, 122, 123, 124, 126, 127, 129, 130, 132, 135, 137, 138, 139, 140, 141, 142, 143, 144, 145, 148, 150, 151, 152, 155, 160, 161, 164, 169, 170, 172, 175], "summary": {"covered_lines": 105, "num_statements": 115, "percent_covered": 91.30434782608695, "percent_covered_display": "91", "missing_lines": 10, "excluded_lines": 0, "percent_statements_covered": 91.30434782608695, "percent_statements_covered_display": "91"}, "missing_lines": [70, 176, 177, 178, 179, 180, 181, 182, 183, 184], "excluded_lines": [], "start_line": 1}}}, "tests\\test_wal_monitor.py": {"executed_lines": [2, 3, 4, 5, 6, 7, 9, 10, 13, 14, 16, 17, 18, 19, 20, 21, 22, 23, 24, 25, 26, 27, 28, 34, 36, 37, 38, 40, 41, 42, 43, 46, 48, 49, 50, 51, 52, 55, 57, 58, 59, 61, 66, 67, 70, 72, 73, 74, 76, 81, 82, 85, 87, 88, 93, 94, 95, 96, 97, 99, 102, 104, 105, 107, 108, 109, 111, 112, 113, 115, 117, 118, 119], "summary": {"covered_lines": 73, "num_statements": 76, "percent_covered": 96.05263157894737, "percent_covered_display": "96", "missing_lines": 3, "excluded_lines": 0, "percent_statements_covered": 96.05263157894737, "percent_statements_covered_display": "96"}, "missing_lines": [29, 30, 31], "excluded_lines": [], "functions": {"wal_db": {"executed_lines": [16, 17, 18, 19, 20, 21, 22, 23, 24, 25, 26, 27, 28], "summary": {"covered_lines": 13, "num_statements": 16, "percent_covered": 81.25, "percent_covered_display": "81", "missing_lines": 3, "excluded_lines": 0, "percent_statements_covered": 81.25, "percent_statements_covered_display": "81"}, "missing_lines": [29, 30, 31], "excluded_lines": [], "start_line": 14}, "test_should_checkpoint_over_threshold": {"executed_lines": [36, 37, 38, 40, 41, 42, 43], "summary": {"covered_lines": 7, "num_statements": 7, "percent_covered": 100.0, "percent_covered_display": "100", "missing_lines": 0, "excluded_lines": 0, "percent_statements_covered": 100.0, "percent_statements_covered_display": "100"}, "missing_lines": [], "excluded_lines": [], "start_line": 34}, "test_should_checkpoint_over_interval": {"executed_lines": [48, 49, 50, 51, 52], "summary": {"covered_lines": 5, "num_statements": 5, "percent_covered": 100.0, "percent_covered_display": "100", "missing_lines": 0, "excluded_lines": 0, "percent_statements_covered": 100.0, "percent_statements_covered_display": "100"}, "missing_lines": [], "excluded_lines": [], "start_line": 46}, "test_compute_threshold_reduces_on_slow_checkpoints": {"executed_lines": [57, 58, 59, 61, 66, 67], "summary": {"covered_lines": 6, "num_statements": 6, "percent_covered": 100.0, "percent_covered_display": "100", "missing_lines": 0, "excluded_lines": 0, "percent_statements_covered": 100.0, "percent_statements_covered_display": "100"}, "missing_lines": [], "excluded_lines": [], "start_line": 55}, "test_compute_threshold_increases_on_fast_checkpoints": {"executed_lines": [72, 73, 74, 76, 81, 82], "summary": {"covered_lines": 6, "num_statements": 6, "percent_covered": 100.0, "percent_covered_display": "100", "missing_lines": 0, "excluded_lines": 0, "percent_statements_covered": 100.0, "percent_statements_covered_display": "100"}, "missing_lines": [], "excluded_lines": [], "start_line": 70}, "test_batch_writes_trigger_checkpoint": {"executed_lines": [87, 88, 93, 94, 95, 96, 97, 99], "summary": {"covered_lines": 8, "num_statements": 8, "percent_covered": 100.0, "percent_covered_display": "100", "missing_lines": 0, "excluded_lines": 0, "percent_statements_covered": 100.0, "percent_statements_covered_display": "100"}, "missing_lines": [], "excluded_lines": [], "start_line": 85}, "test_passive_does_not_block_reads": {"executed_lines": [104, 105, 107, 108, 109, 111, 112, 113, 115, 117, 118, 119], "summary": {"covered_lines": 12, "num_statements": 12, "percent_covered": 100.0, "percent_covered_display": "100", "missing_lines": 0, "excluded_lines": 0, "percent_statements_covered": 100.0, "percent_statements_covered_display": "100"}, "missing_lines": [], "excluded_lines": [], "start_line": 102}, "": {"executed_lines": [2, 3, 4, 5, 6, 7, 9, 10, 13, 14, 34, 46, 55, 70, 85, 102], "summary": {"covered_lines": 16, "num_statements": 16, "percent_covered": 100.0, "percent_covered_display": "100", "missing_lines": 0, "excluded_lines": 0, "percent_statements_covered": 100.0, "percent_statements_covered_display": "100"}, "missing_lines": [], "excluded_lines": [], "start_line": 1}}, "classes": {"": {"executed_lines": [2, 3, 4, 5, 6, 7, 9, 10, 13, 14, 16, 17, 18, 19, 20, 21, 22, 23, 24, 25, 26, 27, 28, 34, 36, 37, 38, 40, 41, 42, 43, 46, 48, 49, 50, 51, 52, 55, 57, 58, 59, 61, 66, 67, 70, 72, 73, 74, 76, 81, 82, 85, 87, 88, 93, 94, 95, 96, 97, 99, 102, 104, 105, 107, 108, 109, 111, 112, 113, 115, 117, 118, 119], "summary": {"covered_lines": 73, "num_statements": 76, "percent_covered": 96.05263157894737, "percent_covered_display": "96", "missing_lines": 3, "excluded_lines": 0, "percent_statements_covered": 96.05263157894737, "percent_statements_covered_display": "96"}, "missing_lines": [29, 30, 31], "excluded_lines": [], "start_line": 1}}}}, "totals": {"covered_lines": 11939, "num_statements": 18454, "percent_covered": 64.6960008670207, "percent_covered_display": "65", "missing_lines": 6515, "excluded_lines": 8, "percent_statements_covered": 64.6960008670207, "percent_statements_covered_display": "65"}}